[0.000000] (-) TimerEvent: {}
[0.000600] (vitamin_d) JobQueued: {'identifier': 'vitamin_d', 'dependencies': OrderedDict()}
[0.000699] (vitamin_d) JobStarted: {'identifier': 'vitamin_d'}
[0.098080] (-) TimerEvent: {}
[0.198603] (-) TimerEvent: {}
[0.299112] (-) TimerEvent: {}
[0.399465] (-) TimerEvent: {}
[0.499830] (-) TimerEvent: {}
[0.600179] (-) TimerEvent: {}
[0.700528] (-) TimerEvent: {}
[0.800903] (-) TimerEvent: {}
[0.901277] (-) TimerEvent: {}
[1.001657] (-) TimerEvent: {}
[1.101985] (-) TimerEvent: {}
[1.202493] (-) TimerEvent: {}
[1.302982] (-) TimerEvent: {}
[1.403348] (-) TimerEvent: {}
[1.503747] (-) TimerEvent: {}
[1.604137] (-) TimerEvent: {}
[1.704469] (-) TimerEvent: {}
[1.805176] (-) TimerEvent: {}
[1.905621] (-) TimerEvent: {}
[2.005988] (-) TimerEvent: {}
[2.106352] (-) TimerEvent: {}
[2.206728] (-) TimerEvent: {}
[2.307117] (-) TimerEvent: {}
[2.407479] (-) TimerEvent: {}
[2.507865] (-) TimerEvent: {}
[2.608285] (-) TimerEvent: {}
[2.708707] (-) TimerEvent: {}
[2.809126] (-) TimerEvent: {}
[2.909691] (-) TimerEvent: {}
[3.010533] (-) TimerEvent: {}
[3.080013] (vitamin_d) Command: {'cmd': ['/usr/bin/python3', '-W', 'ignore:setup.py install is deprecated', '-W', 'ignore:easy_install command is deprecated', 'setup.py', 'egg_info', '--egg-base', '../../build/vitamin_d', 'build', '--build-base', '/home/vitamind/vitamin_d/vitamin_d_ws/build/vitamin_d/build', 'install', '--record', '/home/vitamind/vitamin_d/vitamin_d_ws/build/vitamin_d/install.log', '--install-scripts', '$base/lib/vitamin_d', '--single-version-externally-managed', 'install_data'], 'cwd': '/home/vitamind/vitamin_d/vitamin_d_ws/src/vitamin_d', 'env': {'LESSOPEN': '| /usr/bin/lesspipe %s', 'VSCODE_CWD': '/home/vitamind', 'VSCODE_ESM_ENTRYPOINT': 'vs/workbench/api/node/extensionHostProcess', 'USER': 'vitamind', 'SSH_CLIENT': '192.168.137.1 63080 22', 'VSCODE_NLS_CONFIG': '{"userLocale":"en","osLocale":"en","resolvedLanguage":"en","defaultMessagesFile":"/home/vitamind/.cursor-server/bin/linux-arm64/46fb7aafe279d7c72346febe68c2e004b7d1de60/out/nls.messages.json","locale":"en","availableLanguages":{}}', 'VSCODE_HANDLES_UNCAUGHT_ERRORS': 'true', 'XDG_SESSION_TYPE': 'tty', 'CURSOR_RIPGREP_PATH': '/home/vitamind/.cursor-server/bin/linux-arm64/46fb7aafe279d7c72346febe68c2e004b7d1de60/node_modules/@vscode/ripgrep/bin/rg', 'SHLVL': '1', 'LD_LIBRARY_PATH': '/opt/ros/humble/opt/rviz_ogre_vendor/lib:/opt/ros/humble/lib/aarch64-linux-gnu:/opt/ros/humble/lib', 'BROWSER': '/home/vitamind/.cursor-server/bin/linux-arm64/46fb7aafe279d7c72346febe68c2e004b7d1de60/bin/helpers/browser.sh', 'MOTD_SHOWN': 'pam', 'HOME': '/home/vitamind', 'OLDPWD': '/home/vitamind/vitamin_d/vitamin_d_ws', 'VSCODE_IPC_HOOK_CLI': '/run/user/1000/vscode-ipc-84b47420-f170-44bc-ac9e-911f4790ad0e.sock', 'ROS_PYTHON_VERSION': '3', 'NO_COLOR': '1', 'DBUS_SESSION_BUS_ADDRESS': 'unix:path=/run/user/1000/bus', 'ROS_DISTRO': 'humble', 'OVSX_REGISTRY_URL': 'https://open-vsx.org', 'LOGNAME': 'vitamind', 'FORCE_COLOR': '0', 'VSCODE_HANDLES_SIGPIPE': 'true', '_': '/usr/bin/colcon', 'ROS_VERSION': '2', 'CURSOR_LAYOUT': 'unifiedAgent', 'XDG_SESSION_CLASS': 'user', 'TERM': 'dumb', 'XDG_SESSION_ID': '5', 'ROS_LOCALHOST_ONLY': '0', 'PATH': '/home/vitamind/.cursor-server/bin/linux-arm64/46fb7aafe279d7c72346febe68c2e004b7d1de60/node_modules/@vscode/ripgrep/bin:/home/vitamind/.cursor-server/bin/linux-arm64/46fb7aafe279d7c72346febe68c2e004b7d1de60/bin/remote-cli:/opt/ros/humble/bin:/home/vitamind/.cursor-server/bin/linux-arm64/46fb7aafe279d7c72346febe68c2e004b7d1de60/bin/remote-cli:/usr/local/sbin:/usr/local/bin:/usr/sbin:/usr/bin:/sbin:/bin:/usr/games:/usr/local/games:/snap/bin', 'VSCODE_AGENT_FOLDER': '/home/vitamind/.cursor-server', 'XDG_RUNTIME_DIR': '/run/user/1000', 'AGENT_TRANSCRIPTS': '/home/vitamind/.cursor/projects/home-vitamind/agent-transcripts', 'CURSOR_AGENT': '1', 'LANG': 'en_US.UTF-8', 'LS_COLORS': '', 'AMENT_PREFIX_PATH': '/opt/ros/humble', 'SHELL': '/bin/bash', 'VSCODE_SERVER_SHUTDOWN_TIMEOUT': '300', 'LESSCLOSE': '/usr/bin/lesspipe %s %s', 'PWD': '/home/vitamind/vitamin_d/vitamin_d_ws/build/vitamin_d', 'SSH_CONNECTION': '192.168.137.1 63080 192.168.137.254 22', 'XDG_DATA_DIRS': '/usr/share/gnome:/usr/local/share:/usr/share:/var/lib/snapd/desktop', 'CURSOR_CONVERSATION_ID': '398479ff-89f5-486c-90e0-521a921fd31e', 'PYTHONPATH': '/home/vitamind/vitamin_d/vitamin_d_ws/build/vitamin_d/prefix_override:/usr/lib/python3/dist-packages/colcon_core/task/python/colcon_distutils_commands:/home/vitamind/vitamin_d/vitamin_d_ws/install/vitamin_d/lib/python3.10/site-packages:/opt/ros/humble/lib/python3.10/site-packages:/opt/ros/humble/local/lib/python3.10/dist-packages', 'COLCON': '1', '_ZO_DOCTOR': '0'}, 'shell': False}
[3.110725] (-) TimerEvent: {}
[3.211190] (-) TimerEvent: {}
[3.311588] (-) TimerEvent: {}
[3.411986] (-) TimerEvent: {}
[3.512450] (-) TimerEvent: {}
[3.612881] (-) TimerEvent: {}
[3.713221] (-) TimerEvent: {}
[3.813548] (-) TimerEvent: {}
[3.913876] (-) TimerEvent: {}
[4.014216] (-) TimerEvent: {}
[4.114586] (-) TimerEvent: {}
[4.214990] (-) TimerEvent: {}
[4.233828] (vitamin_d) StdoutLine: {'line': b'running egg_info\n'}
[4.236570] (vitamin_d) StdoutLine: {'line': b'writing ../../build/vitamin_d/vitamin_d.egg-info/PKG-INFO\n'}
[4.237709] (vitamin_d) StdoutLine: {'line': b'writing dependency_links to ../../build/vitamin_d/vitamin_d.egg-info/dependency_links.txt\n'}
[4.238592] (vitamin_d) StdoutLine: {'line': b'writing entry points to ../../build/vitamin_d/vitamin_d.egg-info/entry_points.txt\n'}
[4.239576] (vitamin_d) StdoutLine: {'line': b'writing requirements to ../../build/vitamin_d/vitamin_d.egg-info/requires.txt\n'}
[4.240391] (vitamin_d) StdoutLine: {'line': b'writing top-level names to ../../build/vitamin_d/vitamin_d.egg-info/top_level.txt\n'}
[4.249290] (vitamin_d) StdoutLine: {'line': b"reading manifest file '../../build/vitamin_d/vitamin_d.egg-info/SOURCES.txt'\n"}
[4.252925] (vitamin_d) StdoutLine: {'line': b"writing manifest file '../../build/vitamin_d/vitamin_d.egg-info/SOURCES.txt'\n"}
[4.253772] (vitamin_d) StdoutLine: {'line': b'running build\n'}
[4.254148] (vitamin_d) StdoutLine: {'line': b'running build_py\n'}
[4.254877] (vitamin_d) StdoutLine: {'line': b'copying vitamin_d/servo_node.py -> /home/vitamind/vitamin_d/vitamin_d_ws/build/vitamin_d/build/lib/vitamin_d\n'}
[4.255551] (vitamin_d) StdoutLine: {'line': b'copying vitamin_d/sub_gaze_error_node.py -> /home/vitamind/vitamin_d/vitamin_d_ws/build/vitamin_d/build/lib/vitamin_d\n'}
[4.256932] (vitamin_d) StdoutLine: {'line': b'running install\n'}
[4.258138] (vitamin_d) StdoutLine: {'line': b'running install_lib\n'}
[4.261737] (vitamin_d) StdoutLine: {'line': b'copying /home/vitamind/vitamin_d/vitamin_d_ws/build/vitamin_d/build/lib/vitamin_d/servo_node.py -> /home/vitamind/vitamin_d/vitamin_d_ws/install/vitamin_d/lib/python3.10/site-packages/vitamin_d\n'}
[4.263243] (vitamin_d) StdoutLine: {'line': b'copying /home/vitamind/vitamin_d/vitamin_d_ws/build/vitamin_d/build/lib/vitamin_d/sub_gaze_error_node.py -> /home/vitamind/vitamin_d/vitamin_d_ws/install/vitamin_d/lib/python3.10/site-packages/vitamin_d\n'}
[4.265286] (vitamin_d) StdoutLine: {'line': b'byte-compiling /home/vitamind/vitamin_d/vitamin_d_ws/install/vitamin_d/lib/python3.10/site-packages/vitamin_d/servo_node.py to servo_node.cpython-310.pyc\n'}
[4.269665] (vitamin_d) StdoutLine: {'line': b'byte-compiling /home/vitamind/vitamin_d/vitamin_d_ws/install/vitamin_d/lib/python3.10/site-packages/vitamin_d/sub_gaze_error_node.py to sub_gaze_error_node.cpython-310.pyc\n'}
[4.272016] (vitamin_d) StdoutLine: {'line': b'running install_data\n'}
[4.272814] (vitamin_d) StdoutLine: {'line': b'copying package.xml -> /home/vitamind/vitamin_d/vitamin_d_ws/install/vitamin_d/share/vitamin_d\n'}
[4.273637] (vitamin_d) StdoutLine: {'line': b'running install_egg_info\n'}
[4.284348] (vitamin_d) StdoutLine: {'line': b"removing '/home/vitamind/vitamin_d/vitamin_d_ws/install/vitamin_d/lib/python3.10/site-packages/vitamin_d-0.0.0-py3.10.egg-info' (and everything under it)\n"}
[4.286597] (vitamin_d) StdoutLine: {'line': b'Copying ../../build/vitamin_d/vitamin_d.egg-info to /home/vitamind/vitamin_d/vitamin_d_ws/install/vitamin_d/lib/python3.10/site-packages/vitamin_d-0.0.0-py3.10.egg-info\n'}
[4.292040] (vitamin_d) StdoutLine: {'line': b'running install_scripts\n'}
[4.315219] (-) TimerEvent: {}
[4.369118] (vitamin_d) StdoutLine: {'line': b'Installing servo_node script to /home/vitamind/vitamin_d/vitamin_d_ws/install/vitamin_d/lib/vitamin_d\n'}
[4.369939] (vitamin_d) StdoutLine: {'line': b'Installing sub_gaze_error_node script to /home/vitamind/vitamin_d/vitamin_d_ws/install/vitamin_d/lib/vitamin_d\n'}
[4.371481] (vitamin_d) StdoutLine: {'line': b"writing list of installed files to '/home/vitamind/vitamin_d/vitamin_d_ws/build/vitamin_d/install.log'\n"}
[4.415592] (-) TimerEvent: {}
[4.491396] (vitamin_d) CommandEnded: {'returncode': 0}
[4.516005] (-) TimerEvent: {}
[4.545231] (vitamin_d) JobEnded: {'identifier': 'vitamin_d', 'rc': 0}
[4.547468] (-) EventReactorShutdown: {}
