[0.499s] DEBUG:colcon:Command line arguments: ['/usr/bin/colcon', 'build']
[0.499s] DEBUG:colcon:Parsed command line arguments: Namespace(log_base=None, log_level=None, verb_name='build', build_base='build', install_base='install', merge_install=False, symlink_install=False, test_result_base=None, continue_on_error=False, executor='parallel', parallel_workers=4, event_handlers=None, ignore_user_meta=False, metas=['./colcon.meta'], base_paths=['.'], packages_ignore=None, packages_ignore_regex=None, paths=None, packages_up_to=None, packages_up_to_regex=None, packages_above=None, packages_above_and_dependencies=None, packages_above_depth=None, packages_select_by_dep=None, packages_skip_by_dep=None, packages_skip_up_to=None, packages_select_build_failed=False, packages_skip_build_finished=False, packages_select_test_failures=False, packages_skip_test_passed=False, packages_select=None, packages_skip=None, packages_select_regex=None, packages_skip_regex=None, packages_start=None, packages_end=None, allow_overriding=[], cmake_args=None, cmake_target=None, cmake_target_skip_unavailable=False, cmake_clean_cache=False, cmake_clean_first=False, cmake_force_configure=False, ament_cmake_args=None, catkin_cmake_args=None, catkin_skip_building_tests=False, mixin_files=None, mixin=None, verb_parser=<colcon_mixin.mixin.mixin_argument.MixinArgumentDecorator object at 0xffff95d7d4b0>, verb_extension=<colcon_core.verb.build.BuildVerb object at 0xffff95f1e770>, main=<bound method BuildVerb.main of <colcon_core.verb.build.BuildVerb object at 0xffff95f1e770>>, mixin_verb=('build',))
[1.389s] Level 1:colcon.colcon_core.package_discovery:discover_packages(colcon_meta) check parameters
[1.389s] Level 1:colcon.colcon_core.package_discovery:discover_packages(recursive) check parameters
[1.390s] Level 1:colcon.colcon_core.package_discovery:discover_packages(ignore) check parameters
[1.390s] Level 1:colcon.colcon_core.package_discovery:discover_packages(path) check parameters
[1.390s] Level 1:colcon.colcon_core.package_discovery:discover_packages(colcon_meta) discover
[1.390s] Level 1:colcon.colcon_core.package_discovery:discover_packages(recursive) discover
[1.390s] INFO:colcon.colcon_core.package_discovery:Crawling recursively for packages in '/home/vitamind/vitamin_d/vitamin_d_ws'
[1.391s] Level 1:colcon.colcon_core.package_identification:_identify(.) by extensions ['ignore', 'ignore_ament_install']
[1.391s] Level 1:colcon.colcon_core.package_identification:_identify(.) by extension 'ignore'
[1.391s] Level 1:colcon.colcon_core.package_identification:_identify(.) by extension 'ignore_ament_install'
[1.392s] Level 1:colcon.colcon_core.package_identification:_identify(.) by extensions ['colcon_pkg']
[1.392s] Level 1:colcon.colcon_core.package_identification:_identify(.) by extension 'colcon_pkg'
[1.392s] Level 1:colcon.colcon_core.package_identification:_identify(.) by extensions ['colcon_meta']
[1.392s] Level 1:colcon.colcon_core.package_identification:_identify(.) by extension 'colcon_meta'
[1.393s] Level 1:colcon.colcon_core.package_identification:_identify(.) by extensions ['ros']
[1.393s] Level 1:colcon.colcon_core.package_identification:_identify(.) by extension 'ros'
[1.436s] Level 1:colcon.colcon_core.package_identification:_identify(.) by extensions ['cmake', 'python']
[1.437s] Level 1:colcon.colcon_core.package_identification:_identify(.) by extension 'cmake'
[1.437s] Level 1:colcon.colcon_core.package_identification:_identify(.) by extension 'python'
[1.437s] Level 1:colcon.colcon_core.package_identification:_identify(.) by extensions ['python_setup_py']
[1.437s] Level 1:colcon.colcon_core.package_identification:_identify(.) by extension 'python_setup_py'
[1.438s] Level 1:colcon.colcon_core.package_identification:_identify(build) by extensions ['ignore', 'ignore_ament_install']
[1.438s] Level 1:colcon.colcon_core.package_identification:_identify(build) by extension 'ignore'
[1.438s] Level 1:colcon.colcon_core.package_identification:_identify(build) ignored
[1.439s] Level 1:colcon.colcon_core.package_identification:_identify(install) by extensions ['ignore', 'ignore_ament_install']
[1.439s] Level 1:colcon.colcon_core.package_identification:_identify(install) by extension 'ignore'
[1.439s] Level 1:colcon.colcon_core.package_identification:_identify(install) ignored
[1.440s] Level 1:colcon.colcon_core.package_identification:_identify(log) by extensions ['ignore', 'ignore_ament_install']
[1.440s] Level 1:colcon.colcon_core.package_identification:_identify(log) by extension 'ignore'
[1.440s] Level 1:colcon.colcon_core.package_identification:_identify(log) ignored
[1.441s] Level 1:colcon.colcon_core.package_identification:_identify(src) by extensions ['ignore', 'ignore_ament_install']
[1.441s] Level 1:colcon.colcon_core.package_identification:_identify(src) by extension 'ignore'
[1.441s] Level 1:colcon.colcon_core.package_identification:_identify(src) by extension 'ignore_ament_install'
[1.441s] Level 1:colcon.colcon_core.package_identification:_identify(src) by extensions ['colcon_pkg']
[1.441s] Level 1:colcon.colcon_core.package_identification:_identify(src) by extension 'colcon_pkg'
[1.442s] Level 1:colcon.colcon_core.package_identification:_identify(src) by extensions ['colcon_meta']
[1.442s] Level 1:colcon.colcon_core.package_identification:_identify(src) by extension 'colcon_meta'
[1.442s] Level 1:colcon.colcon_core.package_identification:_identify(src) by extensions ['ros']
[1.442s] Level 1:colcon.colcon_core.package_identification:_identify(src) by extension 'ros'
[1.442s] Level 1:colcon.colcon_core.package_identification:_identify(src) by extensions ['cmake', 'python']
[1.443s] Level 1:colcon.colcon_core.package_identification:_identify(src) by extension 'cmake'
[1.443s] Level 1:colcon.colcon_core.package_identification:_identify(src) by extension 'python'
[1.443s] Level 1:colcon.colcon_core.package_identification:_identify(src) by extensions ['python_setup_py']
[1.443s] Level 1:colcon.colcon_core.package_identification:_identify(src) by extension 'python_setup_py'
[1.443s] Level 1:colcon.colcon_core.package_identification:_identify(src/vitamin_d) by extensions ['ignore', 'ignore_ament_install']
[1.444s] Level 1:colcon.colcon_core.package_identification:_identify(src/vitamin_d) by extension 'ignore'
[1.444s] Level 1:colcon.colcon_core.package_identification:_identify(src/vitamin_d) by extension 'ignore_ament_install'
[1.444s] Level 1:colcon.colcon_core.package_identification:_identify(src/vitamin_d) by extensions ['colcon_pkg']
[1.444s] Level 1:colcon.colcon_core.package_identification:_identify(src/vitamin_d) by extension 'colcon_pkg'
[1.444s] Level 1:colcon.colcon_core.package_identification:_identify(src/vitamin_d) by extensions ['colcon_meta']
[1.445s] Level 1:colcon.colcon_core.package_identification:_identify(src/vitamin_d) by extension 'colcon_meta'
[1.445s] Level 1:colcon.colcon_core.package_identification:_identify(src/vitamin_d) by extensions ['ros']
[1.445s] Level 1:colcon.colcon_core.package_identification:_identify(src/vitamin_d) by extension 'ros'
[1.453s] DEBUG:colcon.colcon_core.package_identification:Package 'src/vitamin_d' with type 'ros.ament_python' and name 'vitamin_d'
[1.454s] Level 1:colcon.colcon_core.package_discovery:discover_packages(recursive) using defaults
[1.454s] Level 1:colcon.colcon_core.package_discovery:discover_packages(ignore) discover
[1.454s] Level 1:colcon.colcon_core.package_discovery:discover_packages(ignore) using defaults
[1.454s] Level 1:colcon.colcon_core.package_discovery:discover_packages(path) discover
[1.454s] Level 1:colcon.colcon_core.package_discovery:discover_packages(path) using defaults
[1.576s] Level 1:colcon.colcon_core.package_discovery:discover_packages(prefix_path) check parameters
[1.576s] Level 1:colcon.colcon_core.package_discovery:discover_packages(prefix_path) discover
[1.590s] DEBUG:colcon.colcon_installed_package_information.package_discovery:Found 273 installed packages in /opt/ros/humble
[1.596s] Level 1:colcon.colcon_core.package_discovery:discover_packages(prefix_path) using defaults
[1.771s] Level 5:colcon.colcon_core.verb:set package 'vitamin_d' build argument 'cmake_args' from command line to 'None'
[1.771s] Level 5:colcon.colcon_core.verb:set package 'vitamin_d' build argument 'cmake_target' from command line to 'None'
[1.772s] Level 5:colcon.colcon_core.verb:set package 'vitamin_d' build argument 'cmake_target_skip_unavailable' from command line to 'False'
[1.772s] Level 5:colcon.colcon_core.verb:set package 'vitamin_d' build argument 'cmake_clean_cache' from command line to 'False'
[1.772s] Level 5:colcon.colcon_core.verb:set package 'vitamin_d' build argument 'cmake_clean_first' from command line to 'False'
[1.772s] Level 5:colcon.colcon_core.verb:set package 'vitamin_d' build argument 'cmake_force_configure' from command line to 'False'
[1.772s] Level 5:colcon.colcon_core.verb:set package 'vitamin_d' build argument 'ament_cmake_args' from command line to 'None'
[1.772s] Level 5:colcon.colcon_core.verb:set package 'vitamin_d' build argument 'catkin_cmake_args' from command line to 'None'
[1.772s] Level 5:colcon.colcon_core.verb:set package 'vitamin_d' build argument 'catkin_skip_building_tests' from command line to 'False'
[1.772s] DEBUG:colcon.colcon_core.verb:Building package 'vitamin_d' with the following arguments: {'ament_cmake_args': None, 'build_base': '/home/vitamind/vitamin_d/vitamin_d_ws/build/vitamin_d', 'catkin_cmake_args': None, 'catkin_skip_building_tests': False, 'cmake_args': None, 'cmake_clean_cache': False, 'cmake_clean_first': False, 'cmake_force_configure': False, 'cmake_target': None, 'cmake_target_skip_unavailable': False, 'install_base': '/home/vitamind/vitamin_d/vitamin_d_ws/install/vitamin_d', 'merge_install': False, 'path': '/home/vitamind/vitamin_d/vitamin_d_ws/src/vitamin_d', 'symlink_install': False, 'test_result_base': None}
[1.773s] INFO:colcon.colcon_core.executor:Executing jobs using 'parallel' executor
[1.776s] DEBUG:colcon.colcon_parallel_executor.executor.parallel:run_until_complete
[1.777s] INFO:colcon.colcon_ros.task.ament_python.build:Building ROS package in '/home/vitamind/vitamin_d/vitamin_d_ws/src/vitamin_d' with build type 'ament_python'
[1.777s] Level 1:colcon.colcon_core.shell:create_environment_hook('vitamin_d', 'ament_prefix_path')
[1.785s] INFO:colcon.colcon_core.plugin_system:Skipping extension 'colcon_core.shell.bat': Not used on non-Windows systems
[1.786s] INFO:colcon.colcon_core.shell:Creating environment hook '/home/vitamind/vitamin_d/vitamin_d_ws/install/vitamin_d/share/vitamin_d/hook/ament_prefix_path.ps1'
[1.790s] INFO:colcon.colcon_core.shell:Creating environment descriptor '/home/vitamind/vitamin_d/vitamin_d_ws/install/vitamin_d/share/vitamin_d/hook/ament_prefix_path.dsv'
[1.793s] INFO:colcon.colcon_core.shell:Creating environment hook '/home/vitamind/vitamin_d/vitamin_d_ws/install/vitamin_d/share/vitamin_d/hook/ament_prefix_path.sh'
[1.796s] INFO:colcon.colcon_core.shell:Skip shell extension 'powershell' for command environment: Not usable outside of PowerShell
[1.797s] DEBUG:colcon.colcon_core.shell:Skip shell extension 'dsv' for command environment
[3.013s] INFO:colcon.colcon_core.task.python.build:Building Python package in '/home/vitamind/vitamin_d/vitamin_d_ws/src/vitamin_d'
[3.014s] INFO:colcon.colcon_core.shell:Skip shell extension 'powershell' for command environment: Not usable outside of PowerShell
[3.015s] DEBUG:colcon.colcon_core.shell:Skip shell extension 'dsv' for command environment
[4.854s] DEBUG:colcon.colcon_core.task.python.build:Available setuptools commands: saveopts, install_egg_info, sdist, extract_messages, symlink_data, check, compile_catalog, alias, bdist_rpm, develop, clean, test, build_clib, build, register, easy_install, egg_info, install_lib, bdist_egg, upload_docs, setopt, build_ext, install, install_scripts, rotate, init_catalog, dist_info, install_data, update_catalog, build_py, install_headers, build_scripts, bdist, bdist_dumb, upload
[4.863s] DEBUG:colcon.colcon_core.event_handler.log_command:Invoking command in '/home/vitamind/vitamin_d/vitamin_d_ws/src/vitamin_d': PYTHONPATH=/home/vitamind/vitamin_d/vitamin_d_ws/build/vitamin_d/prefix_override:/usr/lib/python3/dist-packages/colcon_core/task/python/colcon_distutils_commands:/home/vitamind/vitamin_d/vitamin_d_ws/install/vitamin_d/lib/python3.10/site-packages:${PYTHONPATH} /usr/bin/python3 -W ignore:setup.py install is deprecated -W ignore:easy_install command is deprecated setup.py egg_info --egg-base ../../build/vitamin_d build --build-base /home/vitamind/vitamin_d/vitamin_d_ws/build/vitamin_d/build install --record /home/vitamind/vitamin_d/vitamin_d_ws/build/vitamin_d/install.log --install-scripts $base/lib/vitamin_d --single-version-externally-managed install_data
[6.269s] DEBUG:colcon.colcon_core.event_handler.log_command:Invoked command in '/home/vitamind/vitamin_d/vitamin_d_ws/src/vitamin_d' returned '0': PYTHONPATH=/home/vitamind/vitamin_d/vitamin_d_ws/build/vitamin_d/prefix_override:/usr/lib/python3/dist-packages/colcon_core/task/python/colcon_distutils_commands:/home/vitamind/vitamin_d/vitamin_d_ws/install/vitamin_d/lib/python3.10/site-packages:${PYTHONPATH} /usr/bin/python3 -W ignore:setup.py install is deprecated -W ignore:easy_install command is deprecated setup.py egg_info --egg-base ../../build/vitamin_d build --build-base /home/vitamind/vitamin_d/vitamin_d_ws/build/vitamin_d/build install --record /home/vitamind/vitamin_d/vitamin_d_ws/build/vitamin_d/install.log --install-scripts $base/lib/vitamin_d --single-version-externally-managed install_data
[6.281s] Level 1:colcon.colcon_core.environment:checking '/home/vitamind/vitamin_d/vitamin_d_ws/install/vitamin_d' for CMake module files
[6.285s] Level 1:colcon.colcon_core.environment:checking '/home/vitamind/vitamin_d/vitamin_d_ws/install/vitamin_d' for CMake config files
[6.290s] Level 1:colcon.colcon_core.environment:checking '/home/vitamind/vitamin_d/vitamin_d_ws/install/vitamin_d/lib'
[6.291s] Level 1:colcon.colcon_core.environment:checking '/home/vitamind/vitamin_d/vitamin_d_ws/install/vitamin_d/bin'
[6.291s] Level 1:colcon.colcon_core.environment:checking '/home/vitamind/vitamin_d/vitamin_d_ws/install/vitamin_d/lib/pkgconfig/vitamin_d.pc'
[6.292s] Level 1:colcon.colcon_core.environment:checking '/home/vitamind/vitamin_d/vitamin_d_ws/install/vitamin_d/lib/python3.10/site-packages'
[6.292s] Level 1:colcon.colcon_core.shell:create_environment_hook('vitamin_d', 'pythonpath')
[6.293s] INFO:colcon.colcon_core.shell:Creating environment hook '/home/vitamind/vitamin_d/vitamin_d_ws/install/vitamin_d/share/vitamin_d/hook/pythonpath.ps1'
[6.295s] INFO:colcon.colcon_core.shell:Creating environment descriptor '/home/vitamind/vitamin_d/vitamin_d_ws/install/vitamin_d/share/vitamin_d/hook/pythonpath.dsv'
[6.297s] INFO:colcon.colcon_core.shell:Creating environment hook '/home/vitamind/vitamin_d/vitamin_d_ws/install/vitamin_d/share/vitamin_d/hook/pythonpath.sh'
[6.301s] Level 1:colcon.colcon_core.environment:checking '/home/vitamind/vitamin_d/vitamin_d_ws/install/vitamin_d/bin'
[6.301s] Level 1:colcon.colcon_core.environment:create_environment_scripts_only(vitamin_d)
[6.303s] INFO:colcon.colcon_core.shell:Creating package script '/home/vitamind/vitamin_d/vitamin_d_ws/install/vitamin_d/share/vitamin_d/package.ps1'
[6.307s] INFO:colcon.colcon_core.shell:Creating package descriptor '/home/vitamind/vitamin_d/vitamin_d_ws/install/vitamin_d/share/vitamin_d/package.dsv'
[6.310s] INFO:colcon.colcon_core.shell:Creating package script '/home/vitamind/vitamin_d/vitamin_d_ws/install/vitamin_d/share/vitamin_d/package.sh'
[6.314s] INFO:colcon.colcon_core.shell:Creating package script '/home/vitamind/vitamin_d/vitamin_d_ws/install/vitamin_d/share/vitamin_d/package.bash'
[6.317s] INFO:colcon.colcon_core.shell:Creating package script '/home/vitamind/vitamin_d/vitamin_d_ws/install/vitamin_d/share/vitamin_d/package.zsh'
[6.320s] Level 1:colcon.colcon_core.environment:create_file_with_runtime_dependencies(/home/vitamind/vitamin_d/vitamin_d_ws/install/vitamin_d/share/colcon-core/packages/vitamin_d)
[6.322s] DEBUG:colcon.colcon_parallel_executor.executor.parallel:closing loop
[6.323s] DEBUG:colcon.colcon_parallel_executor.executor.parallel:loop closed
[6.323s] DEBUG:colcon.colcon_parallel_executor.executor.parallel:run_until_complete finished with '0'
[6.324s] DEBUG:colcon.colcon_core.event_reactor:joining thread
[6.325s] DEBUG:colcon.colcon_core.event_reactor:joined thread
[6.326s] INFO:colcon.colcon_core.shell:Creating prefix script '/home/vitamind/vitamin_d/vitamin_d_ws/install/local_setup.ps1'
[6.330s] INFO:colcon.colcon_core.shell:Creating prefix util module '/home/vitamind/vitamin_d/vitamin_d_ws/install/_local_setup_util_ps1.py'
[6.337s] INFO:colcon.colcon_core.shell:Creating prefix chain script '/home/vitamind/vitamin_d/vitamin_d_ws/install/setup.ps1'
[6.342s] INFO:colcon.colcon_core.shell:Creating prefix script '/home/vitamind/vitamin_d/vitamin_d_ws/install/local_setup.sh'
[6.345s] INFO:colcon.colcon_core.shell:Creating prefix util module '/home/vitamind/vitamin_d/vitamin_d_ws/install/_local_setup_util_sh.py'
[6.348s] INFO:colcon.colcon_core.shell:Creating prefix chain script '/home/vitamind/vitamin_d/vitamin_d_ws/install/setup.sh'
[6.352s] INFO:colcon.colcon_core.shell:Creating prefix script '/home/vitamind/vitamin_d/vitamin_d_ws/install/local_setup.bash'
[6.355s] INFO:colcon.colcon_core.shell:Creating prefix chain script '/home/vitamind/vitamin_d/vitamin_d_ws/install/setup.bash'
[6.359s] INFO:colcon.colcon_core.shell:Creating prefix script '/home/vitamind/vitamin_d/vitamin_d_ws/install/local_setup.zsh'
[6.361s] INFO:colcon.colcon_core.shell:Creating prefix chain script '/home/vitamind/vitamin_d/vitamin_d_ws/install/setup.zsh'
