[3.734s] Invoking command in '/home/vitamind/vitamin_d/vitamin_d_ws/src/vitamin_d': PYTHONPATH=/home/vitamind/vitamin_d/vitamin_d_ws/build/vitamin_d/prefix_override:/usr/lib/python3/dist-packages/colcon_core/task/python/colcon_distutils_commands:/home/vitamind/vitamin_d/vitamin_d_ws/install/vitamin_d/lib/python3.10/site-packages:${PYTHONPATH} /usr/bin/python3 -W ignore:setup.py install is deprecated -W ignore:easy_install command is deprecated setup.py egg_info --egg-base ../../build/vitamin_d build --build-base /home/vitamind/vitamin_d/vitamin_d_ws/build/vitamin_d/build install --record /home/vitamind/vitamin_d/vitamin_d_ws/build/vitamin_d/install.log --install-scripts $base/lib/vitamin_d --single-version-externally-managed install_data
[4.903s] running egg_info
[4.907s] writing ../../build/vitamin_d/vitamin_d.egg-info/PKG-INFO
[4.908s] writing dependency_links to ../../build/vitamin_d/vitamin_d.egg-info/dependency_links.txt
[4.910s] writing entry points to ../../build/vitamin_d/vitamin_d.egg-info/entry_points.txt
[4.912s] writing requirements to ../../build/vitamin_d/vitamin_d.egg-info/requires.txt
[4.913s] writing top-level names to ../../build/vitamin_d/vitamin_d.egg-info/top_level.txt
[4.921s] reading manifest file '../../build/vitamin_d/vitamin_d.egg-info/SOURCES.txt'
[4.927s] writing manifest file '../../build/vitamin_d/vitamin_d.egg-info/SOURCES.txt'
[4.928s] running build
[4.929s] running build_py
[4.930s] copying vitamin_d/servo_node.py -> /home/vitamind/vitamin_d/vitamin_d_ws/build/vitamin_d/build/lib/vitamin_d
[4.931s] running install
[4.933s] running install_lib
[4.936s] copying /home/vitamind/vitamin_d/vitamin_d_ws/build/vitamin_d/build/lib/vitamin_d/servo_node.py -> /home/vitamind/vitamin_d/vitamin_d_ws/install/vitamin_d/lib/python3.10/site-packages/vitamin_d
[4.941s] byte-compiling /home/vitamind/vitamin_d/vitamin_d_ws/install/vitamin_d/lib/python3.10/site-packages/vitamin_d/servo_node.py to servo_node.cpython-310.pyc
[4.945s] running install_data
[4.949s] copying package.xml -> /home/vitamind/vitamin_d/vitamin_d_ws/install/vitamin_d/share/vitamin_d
[4.952s] running install_egg_info
[4.963s] removing '/home/vitamind/vitamin_d/vitamin_d_ws/install/vitamin_d/lib/python3.10/site-packages/vitamin_d-0.0.0-py3.10.egg-info' (and everything under it)
[4.977s] Copying ../../build/vitamin_d/vitamin_d.egg-info to /home/vitamind/vitamin_d/vitamin_d_ws/install/vitamin_d/lib/python3.10/site-packages/vitamin_d-0.0.0-py3.10.egg-info
[4.986s] running install_scripts
[5.068s] Installing servo_node script to /home/vitamind/vitamin_d/vitamin_d_ws/install/vitamin_d/lib/vitamin_d
[5.078s] Installing sub_gaze_error_node script to /home/vitamind/vitamin_d/vitamin_d_ws/install/vitamin_d/lib/vitamin_d
[5.082s] writing list of installed files to '/home/vitamind/vitamin_d/vitamin_d_ws/build/vitamin_d/install.log'
[5.207s] Invoked command in '/home/vitamind/vitamin_d/vitamin_d_ws/src/vitamin_d' returned '0': PYTHONPATH=/home/vitamind/vitamin_d/vitamin_d_ws/build/vitamin_d/prefix_override:/usr/lib/python3/dist-packages/colcon_core/task/python/colcon_distutils_commands:/home/vitamind/vitamin_d/vitamin_d_ws/install/vitamin_d/lib/python3.10/site-packages:${PYTHONPATH} /usr/bin/python3 -W ignore:setup.py install is deprecated -W ignore:easy_install command is deprecated setup.py egg_info --egg-base ../../build/vitamin_d build --build-base /home/vitamind/vitamin_d/vitamin_d_ws/build/vitamin_d/build install --record /home/vitamind/vitamin_d/vitamin_d_ws/build/vitamin_d/install.log --install-scripts $base/lib/vitamin_d --single-version-externally-managed install_data
