[4.009s] Invoking command in '/home/vitamind/vitamin_d/vitamin_d_ws/src/vitamin_d': PYTHONPATH=/home/vitamind/vitamin_d/vitamin_d_ws/build/vitamin_d/prefix_override:/usr/lib/python3/dist-packages/colcon_core/task/python/colcon_distutils_commands:/home/vitamind/vitamin_d/vitamin_d_ws/install/vitamin_d/lib/python3.10/site-packages:${PYTHONPATH} /usr/bin/python3 -W ignore:setup.py install is deprecated -W ignore:easy_install command is deprecated setup.py egg_info --egg-base ../../build/vitamin_d build --build-base /home/vitamind/vitamin_d/vitamin_d_ws/build/vitamin_d/build install --record /home/vitamind/vitamin_d/vitamin_d_ws/build/vitamin_d/install.log --install-scripts $base/lib/vitamin_d --single-version-externally-managed install_data
[5.175s] running egg_info
[5.178s] writing ../../build/vitamin_d/vitamin_d.egg-info/PKG-INFO
[5.179s] writing dependency_links to ../../build/vitamin_d/vitamin_d.egg-info/dependency_links.txt
[5.180s] writing entry points to ../../build/vitamin_d/vitamin_d.egg-info/entry_points.txt
[5.181s] writing requirements to ../../build/vitamin_d/vitamin_d.egg-info/requires.txt
[5.182s] writing top-level names to ../../build/vitamin_d/vitamin_d.egg-info/top_level.txt
[5.191s] reading manifest file '../../build/vitamin_d/vitamin_d.egg-info/SOURCES.txt'
[5.196s] writing manifest file '../../build/vitamin_d/vitamin_d.egg-info/SOURCES.txt'
[5.196s] running build
[5.197s] running build_py
[5.198s] running install
[5.199s] running install_lib
[5.204s] running install_data
[5.204s] running install_egg_info
[5.216s] removing '/home/vitamind/vitamin_d/vitamin_d_ws/install/vitamin_d/lib/python3.10/site-packages/vitamin_d-0.0.0-py3.10.egg-info' (and everything under it)
[5.218s] Copying ../../build/vitamin_d/vitamin_d.egg-info to /home/vitamind/vitamin_d/vitamin_d_ws/install/vitamin_d/lib/python3.10/site-packages/vitamin_d-0.0.0-py3.10.egg-info
[5.225s] running install_scripts
[5.301s] writing list of installed files to '/home/vitamind/vitamin_d/vitamin_d_ws/build/vitamin_d/install.log'
[5.422s] Invoked command in '/home/vitamind/vitamin_d/vitamin_d_ws/src/vitamin_d' returned '0': PYTHONPATH=/home/vitamind/vitamin_d/vitamin_d_ws/build/vitamin_d/prefix_override:/usr/lib/python3/dist-packages/colcon_core/task/python/colcon_distutils_commands:/home/vitamind/vitamin_d/vitamin_d_ws/install/vitamin_d/lib/python3.10/site-packages:${PYTHONPATH} /usr/bin/python3 -W ignore:setup.py install is deprecated -W ignore:easy_install command is deprecated setup.py egg_info --egg-base ../../build/vitamin_d build --build-base /home/vitamind/vitamin_d/vitamin_d_ws/build/vitamin_d/build install --record /home/vitamind/vitamin_d/vitamin_d_ws/build/vitamin_d/install.log --install-scripts $base/lib/vitamin_d --single-version-externally-managed install_data
