[0.871s] DEBUG:colcon:Command line arguments: ['/usr/bin/colcon', 'build']
[0.872s] DEBUG:colcon:Parsed command line arguments: Namespace(log_base=None, log_level=None, verb_name='build', build_base='build', install_base='install', merge_install=False, symlink_install=False, test_result_base=None, continue_on_error=False, executor='parallel', parallel_workers=4, event_handlers=None, ignore_user_meta=False, metas=['./colcon.meta'], base_paths=['.'], packages_ignore=None, packages_ignore_regex=None, paths=None, packages_up_to=None, packages_up_to_regex=None, packages_above=None, packages_above_and_dependencies=None, packages_above_depth=None, packages_select_by_dep=None, packages_skip_by_dep=None, packages_skip_up_to=None, packages_select_build_failed=False, packages_skip_build_finished=False, packages_select_test_failures=False, packages_skip_test_passed=False, packages_select=None, packages_skip=None, packages_select_regex=None, packages_skip_regex=None, packages_start=None, packages_end=None, allow_overriding=[], cmake_args=None, cmake_target=None, cmake_target_skip_unavailable=False, cmake_clean_cache=False, cmake_clean_first=False, cmake_force_configure=False, ament_cmake_args=None, catkin_cmake_args=None, catkin_skip_building_tests=False, mixin_files=None, mixin=None, verb_parser=<colcon_mixin.mixin.mixin_argument.MixinArgumentDecorator object at 0xffff88a3d4b0>, verb_extension=<colcon_core.verb.build.BuildVerb object at 0xffff88bde770>, main=<bound method BuildVerb.main of <colcon_core.verb.build.BuildVerb object at 0xffff88bde770>>, mixin_verb=('build',))
[1.880s] Level 1:colcon.colcon_core.package_discovery:discover_packages(colcon_meta) check parameters
[1.881s] Level 1:colcon.colcon_core.package_discovery:discover_packages(recursive) check parameters
[1.881s] Level 1:colcon.colcon_core.package_discovery:discover_packages(ignore) check parameters
[1.881s] Level 1:colcon.colcon_core.package_discovery:discover_packages(path) check parameters
[1.881s] Level 1:colcon.colcon_core.package_discovery:discover_packages(colcon_meta) discover
[1.881s] Level 1:colcon.colcon_core.package_discovery:discover_packages(recursive) discover
[1.881s] INFO:colcon.colcon_core.package_discovery:Crawling recursively for packages in '/home/vitamind/vitamin_d/vitamin_d_ws'
[1.882s] Level 1:colcon.colcon_core.package_identification:_identify(.) by extensions ['ignore', 'ignore_ament_install']
[1.882s] Level 1:colcon.colcon_core.package_identification:_identify(.) by extension 'ignore'
[1.883s] Level 1:colcon.colcon_core.package_identification:_identify(.) by extension 'ignore_ament_install'
[1.883s] Level 1:colcon.colcon_core.package_identification:_identify(.) by extensions ['colcon_pkg']
[1.883s] Level 1:colcon.colcon_core.package_identification:_identify(.) by extension 'colcon_pkg'
[1.883s] Level 1:colcon.colcon_core.package_identification:_identify(.) by extensions ['colcon_meta']
[1.883s] Level 1:colcon.colcon_core.package_identification:_identify(.) by extension 'colcon_meta'
[1.884s] Level 1:colcon.colcon_core.package_identification:_identify(.) by extensions ['ros']
[1.884s] Level 1:colcon.colcon_core.package_identification:_identify(.) by extension 'ros'
[1.952s] Level 1:colcon.colcon_core.package_identification:_identify(.) by extensions ['cmake', 'python']
[1.953s] Level 1:colcon.colcon_core.package_identification:_identify(.) by extension 'cmake'
[1.953s] Level 1:colcon.colcon_core.package_identification:_identify(.) by extension 'python'
[1.953s] Level 1:colcon.colcon_core.package_identification:_identify(.) by extensions ['python_setup_py']
[1.953s] Level 1:colcon.colcon_core.package_identification:_identify(.) by extension 'python_setup_py'
[1.954s] Level 1:colcon.colcon_core.package_identification:_identify(build) by extensions ['ignore', 'ignore_ament_install']
[1.954s] Level 1:colcon.colcon_core.package_identification:_identify(build) by extension 'ignore'
[1.954s] Level 1:colcon.colcon_core.package_identification:_identify(build) ignored
[1.955s] Level 1:colcon.colcon_core.package_identification:_identify(install) by extensions ['ignore', 'ignore_ament_install']
[1.955s] Level 1:colcon.colcon_core.package_identification:_identify(install) by extension 'ignore'
[1.955s] Level 1:colcon.colcon_core.package_identification:_identify(install) ignored
[1.956s] Level 1:colcon.colcon_core.package_identification:_identify(log) by extensions ['ignore', 'ignore_ament_install']
[1.956s] Level 1:colcon.colcon_core.package_identification:_identify(log) by extension 'ignore'
[1.956s] Level 1:colcon.colcon_core.package_identification:_identify(log) ignored
[1.956s] Level 1:colcon.colcon_core.package_identification:_identify(src) by extensions ['ignore', 'ignore_ament_install']
[1.957s] Level 1:colcon.colcon_core.package_identification:_identify(src) by extension 'ignore'
[1.957s] Level 1:colcon.colcon_core.package_identification:_identify(src) by extension 'ignore_ament_install'
[1.957s] Level 1:colcon.colcon_core.package_identification:_identify(src) by extensions ['colcon_pkg']
[1.957s] Level 1:colcon.colcon_core.package_identification:_identify(src) by extension 'colcon_pkg'
[1.957s] Level 1:colcon.colcon_core.package_identification:_identify(src) by extensions ['colcon_meta']
[1.958s] Level 1:colcon.colcon_core.package_identification:_identify(src) by extension 'colcon_meta'
[1.958s] Level 1:colcon.colcon_core.package_identification:_identify(src) by extensions ['ros']
[1.958s] Level 1:colcon.colcon_core.package_identification:_identify(src) by extension 'ros'
[1.958s] Level 1:colcon.colcon_core.package_identification:_identify(src) by extensions ['cmake', 'python']
[1.958s] Level 1:colcon.colcon_core.package_identification:_identify(src) by extension 'cmake'
[1.959s] Level 1:colcon.colcon_core.package_identification:_identify(src) by extension 'python'
[1.959s] Level 1:colcon.colcon_core.package_identification:_identify(src) by extensions ['python_setup_py']
[1.959s] Level 1:colcon.colcon_core.package_identification:_identify(src) by extension 'python_setup_py'
[1.959s] Level 1:colcon.colcon_core.package_identification:_identify(src/vitamin_d) by extensions ['ignore', 'ignore_ament_install']
[1.960s] Level 1:colcon.colcon_core.package_identification:_identify(src/vitamin_d) by extension 'ignore'
[1.960s] Level 1:colcon.colcon_core.package_identification:_identify(src/vitamin_d) by extension 'ignore_ament_install'
[1.960s] Level 1:colcon.colcon_core.package_identification:_identify(src/vitamin_d) by extensions ['colcon_pkg']
[1.960s] Level 1:colcon.colcon_core.package_identification:_identify(src/vitamin_d) by extension 'colcon_pkg'
[1.960s] Level 1:colcon.colcon_core.package_identification:_identify(src/vitamin_d) by extensions ['colcon_meta']
[1.960s] Level 1:colcon.colcon_core.package_identification:_identify(src/vitamin_d) by extension 'colcon_meta'
[1.961s] Level 1:colcon.colcon_core.package_identification:_identify(src/vitamin_d) by extensions ['ros']
[1.961s] Level 1:colcon.colcon_core.package_identification:_identify(src/vitamin_d) by extension 'ros'
[1.973s] DEBUG:colcon.colcon_core.package_identification:Package 'src/vitamin_d' with type 'ros.ament_python' and name 'vitamin_d'
[1.974s] Level 1:colcon.colcon_core.package_discovery:discover_packages(recursive) using defaults
[1.974s] Level 1:colcon.colcon_core.package_discovery:discover_packages(ignore) discover
[1.974s] Level 1:colcon.colcon_core.package_discovery:discover_packages(ignore) using defaults
[1.974s] Level 1:colcon.colcon_core.package_discovery:discover_packages(path) discover
[1.974s] Level 1:colcon.colcon_core.package_discovery:discover_packages(path) using defaults
[2.129s] Level 1:colcon.colcon_core.package_discovery:discover_packages(prefix_path) check parameters
[2.129s] Level 1:colcon.colcon_core.package_discovery:discover_packages(prefix_path) discover
[2.151s] DEBUG:colcon.colcon_installed_package_information.package_discovery:Found 273 installed packages in /opt/ros/humble
[2.157s] Level 1:colcon.colcon_core.package_discovery:discover_packages(prefix_path) using defaults
[2.333s] Level 5:colcon.colcon_core.verb:set package 'vitamin_d' build argument 'cmake_args' from command line to 'None'
[2.333s] Level 5:colcon.colcon_core.verb:set package 'vitamin_d' build argument 'cmake_target' from command line to 'None'
[2.334s] Level 5:colcon.colcon_core.verb:set package 'vitamin_d' build argument 'cmake_target_skip_unavailable' from command line to 'False'
[2.334s] Level 5:colcon.colcon_core.verb:set package 'vitamin_d' build argument 'cmake_clean_cache' from command line to 'False'
[2.334s] Level 5:colcon.colcon_core.verb:set package 'vitamin_d' build argument 'cmake_clean_first' from command line to 'False'
[2.334s] Level 5:colcon.colcon_core.verb:set package 'vitamin_d' build argument 'cmake_force_configure' from command line to 'False'
[2.334s] Level 5:colcon.colcon_core.verb:set package 'vitamin_d' build argument 'ament_cmake_args' from command line to 'None'
[2.334s] Level 5:colcon.colcon_core.verb:set package 'vitamin_d' build argument 'catkin_cmake_args' from command line to 'None'
[2.334s] Level 5:colcon.colcon_core.verb:set package 'vitamin_d' build argument 'catkin_skip_building_tests' from command line to 'False'
[2.334s] DEBUG:colcon.colcon_core.verb:Building package 'vitamin_d' with the following arguments: {'ament_cmake_args': None, 'build_base': '/home/vitamind/vitamin_d/vitamin_d_ws/build/vitamin_d', 'catkin_cmake_args': None, 'catkin_skip_building_tests': False, 'cmake_args': None, 'cmake_clean_cache': False, 'cmake_clean_first': False, 'cmake_force_configure': False, 'cmake_target': None, 'cmake_target_skip_unavailable': False, 'install_base': '/home/vitamind/vitamin_d/vitamin_d_ws/install/vitamin_d', 'merge_install': False, 'path': '/home/vitamind/vitamin_d/vitamin_d_ws/src/vitamin_d', 'symlink_install': False, 'test_result_base': None}
[2.335s] INFO:colcon.colcon_core.executor:Executing jobs using 'parallel' executor
[2.338s] DEBUG:colcon.colcon_parallel_executor.executor.parallel:run_until_complete
[2.339s] INFO:colcon.colcon_ros.task.ament_python.build:Building ROS package in '/home/vitamind/vitamin_d/vitamin_d_ws/src/vitamin_d' with build type 'ament_python'
[2.340s] Level 1:colcon.colcon_core.shell:create_environment_hook('vitamin_d', 'ament_prefix_path')
[2.359s] INFO:colcon.colcon_core.plugin_system:Skipping extension 'colcon_core.shell.bat': Not used on non-Windows systems
[2.360s] INFO:colcon.colcon_core.shell:Creating environment hook '/home/vitamind/vitamin_d/vitamin_d_ws/install/vitamin_d/share/vitamin_d/hook/ament_prefix_path.ps1'
[2.364s] INFO:colcon.colcon_core.shell:Creating environment descriptor '/home/vitamind/vitamin_d/vitamin_d_ws/install/vitamin_d/share/vitamin_d/hook/ament_prefix_path.dsv'
[2.368s] INFO:colcon.colcon_core.shell:Creating environment hook '/home/vitamind/vitamin_d/vitamin_d_ws/install/vitamin_d/share/vitamin_d/hook/ament_prefix_path.sh'
[2.372s] INFO:colcon.colcon_core.shell:Skip shell extension 'powershell' for command environment: Not usable outside of PowerShell
[2.373s] DEBUG:colcon.colcon_core.shell:Skip shell extension 'dsv' for command environment
[3.696s] INFO:colcon.colcon_core.task.python.build:Building Python package in '/home/vitamind/vitamin_d/vitamin_d_ws/src/vitamin_d'
[3.697s] INFO:colcon.colcon_core.shell:Skip shell extension 'powershell' for command environment: Not usable outside of PowerShell
[3.697s] DEBUG:colcon.colcon_core.shell:Skip shell extension 'dsv' for command environment
[6.341s] DEBUG:colcon.colcon_core.task.python.build:Available setuptools commands: develop, install_headers, test, register, bdist_rpm, upload, install_scripts, build_ext, bdist_egg, egg_info, rotate, extract_messages, build_py, update_catalog, check, clean, bdist, bdist_dumb, build, install_lib, upload_docs, init_catalog, alias, install_egg_info, easy_install, saveopts, build_scripts, setopt, symlink_data, compile_catalog, sdist, install, build_clib, dist_info, install_data
[6.350s] DEBUG:colcon.colcon_core.event_handler.log_command:Invoking command in '/home/vitamind/vitamin_d/vitamin_d_ws/src/vitamin_d': PYTHONPATH=/home/vitamind/vitamin_d/vitamin_d_ws/build/vitamin_d/prefix_override:/usr/lib/python3/dist-packages/colcon_core/task/python/colcon_distutils_commands:/home/vitamind/vitamin_d/vitamin_d_ws/install/vitamin_d/lib/python3.10/site-packages:${PYTHONPATH} /usr/bin/python3 -W ignore:setup.py install is deprecated -W ignore:easy_install command is deprecated setup.py egg_info --egg-base ../../build/vitamin_d build --build-base /home/vitamind/vitamin_d/vitamin_d_ws/build/vitamin_d/build install --record /home/vitamind/vitamin_d/vitamin_d_ws/build/vitamin_d/install.log --install-scripts $base/lib/vitamin_d --single-version-externally-managed install_data
[7.762s] DEBUG:colcon.colcon_core.event_handler.log_command:Invoked command in '/home/vitamind/vitamin_d/vitamin_d_ws/src/vitamin_d' returned '0': PYTHONPATH=/home/vitamind/vitamin_d/vitamin_d_ws/build/vitamin_d/prefix_override:/usr/lib/python3/dist-packages/colcon_core/task/python/colcon_distutils_commands:/home/vitamind/vitamin_d/vitamin_d_ws/install/vitamin_d/lib/python3.10/site-packages:${PYTHONPATH} /usr/bin/python3 -W ignore:setup.py install is deprecated -W ignore:easy_install command is deprecated setup.py egg_info --egg-base ../../build/vitamin_d build --build-base /home/vitamind/vitamin_d/vitamin_d_ws/build/vitamin_d/build install --record /home/vitamind/vitamin_d/vitamin_d_ws/build/vitamin_d/install.log --install-scripts $base/lib/vitamin_d --single-version-externally-managed install_data
[7.792s] Level 1:colcon.colcon_core.environment:checking '/home/vitamind/vitamin_d/vitamin_d_ws/install/vitamin_d' for CMake module files
[7.795s] Level 1:colcon.colcon_core.environment:checking '/home/vitamind/vitamin_d/vitamin_d_ws/install/vitamin_d' for CMake config files
[7.799s] Level 1:colcon.colcon_core.environment:checking '/home/vitamind/vitamin_d/vitamin_d_ws/install/vitamin_d/lib'
[7.800s] Level 1:colcon.colcon_core.environment:checking '/home/vitamind/vitamin_d/vitamin_d_ws/install/vitamin_d/bin'
[7.800s] Level 1:colcon.colcon_core.environment:checking '/home/vitamind/vitamin_d/vitamin_d_ws/install/vitamin_d/lib/pkgconfig/vitamin_d.pc'
[7.801s] Level 1:colcon.colcon_core.environment:checking '/home/vitamind/vitamin_d/vitamin_d_ws/install/vitamin_d/lib/python3.10/site-packages'
[7.801s] Level 1:colcon.colcon_core.shell:create_environment_hook('vitamin_d', 'pythonpath')
[7.802s] INFO:colcon.colcon_core.shell:Creating environment hook '/home/vitamind/vitamin_d/vitamin_d_ws/install/vitamin_d/share/vitamin_d/hook/pythonpath.ps1'
[7.804s] INFO:colcon.colcon_core.shell:Creating environment descriptor '/home/vitamind/vitamin_d/vitamin_d_ws/install/vitamin_d/share/vitamin_d/hook/pythonpath.dsv'
[7.807s] INFO:colcon.colcon_core.shell:Creating environment hook '/home/vitamind/vitamin_d/vitamin_d_ws/install/vitamin_d/share/vitamin_d/hook/pythonpath.sh'
[7.810s] Level 1:colcon.colcon_core.environment:checking '/home/vitamind/vitamin_d/vitamin_d_ws/install/vitamin_d/bin'
[7.811s] Level 1:colcon.colcon_core.environment:create_environment_scripts_only(vitamin_d)
[7.812s] INFO:colcon.colcon_core.shell:Creating package script '/home/vitamind/vitamin_d/vitamin_d_ws/install/vitamin_d/share/vitamin_d/package.ps1'
[7.818s] INFO:colcon.colcon_core.shell:Creating package descriptor '/home/vitamind/vitamin_d/vitamin_d_ws/install/vitamin_d/share/vitamin_d/package.dsv'
[7.822s] INFO:colcon.colcon_core.shell:Creating package script '/home/vitamind/vitamin_d/vitamin_d_ws/install/vitamin_d/share/vitamin_d/package.sh'
[7.827s] INFO:colcon.colcon_core.shell:Creating package script '/home/vitamind/vitamin_d/vitamin_d_ws/install/vitamin_d/share/vitamin_d/package.bash'
[7.832s] INFO:colcon.colcon_core.shell:Creating package script '/home/vitamind/vitamin_d/vitamin_d_ws/install/vitamin_d/share/vitamin_d/package.zsh'
[7.836s] Level 1:colcon.colcon_core.environment:create_file_with_runtime_dependencies(/home/vitamind/vitamin_d/vitamin_d_ws/install/vitamin_d/share/colcon-core/packages/vitamin_d)
[7.838s] DEBUG:colcon.colcon_parallel_executor.executor.parallel:closing loop
[7.839s] DEBUG:colcon.colcon_parallel_executor.executor.parallel:loop closed
[7.840s] DEBUG:colcon.colcon_parallel_executor.executor.parallel:run_until_complete finished with '0'
[7.840s] DEBUG:colcon.colcon_core.event_reactor:joining thread
[7.841s] DEBUG:colcon.colcon_core.event_reactor:joined thread
[7.842s] INFO:colcon.colcon_core.shell:Creating prefix script '/home/vitamind/vitamin_d/vitamin_d_ws/install/local_setup.ps1'
[7.847s] INFO:colcon.colcon_core.shell:Creating prefix util module '/home/vitamind/vitamin_d/vitamin_d_ws/install/_local_setup_util_ps1.py'
[7.855s] INFO:colcon.colcon_core.shell:Creating prefix chain script '/home/vitamind/vitamin_d/vitamin_d_ws/install/setup.ps1'
[7.860s] INFO:colcon.colcon_core.shell:Creating prefix script '/home/vitamind/vitamin_d/vitamin_d_ws/install/local_setup.sh'
[7.864s] INFO:colcon.colcon_core.shell:Creating prefix util module '/home/vitamind/vitamin_d/vitamin_d_ws/install/_local_setup_util_sh.py'
[7.867s] INFO:colcon.colcon_core.shell:Creating prefix chain script '/home/vitamind/vitamin_d/vitamin_d_ws/install/setup.sh'
[7.872s] INFO:colcon.colcon_core.shell:Creating prefix script '/home/vitamind/vitamin_d/vitamin_d_ws/install/local_setup.bash'
[7.876s] INFO:colcon.colcon_core.shell:Creating prefix chain script '/home/vitamind/vitamin_d/vitamin_d_ws/install/setup.bash'
[7.881s] INFO:colcon.colcon_core.shell:Creating prefix script '/home/vitamind/vitamin_d/vitamin_d_ws/install/local_setup.zsh'
[7.884s] INFO:colcon.colcon_core.shell:Creating prefix chain script '/home/vitamind/vitamin_d/vitamin_d_ws/install/setup.zsh'
