running egg_info
creating ../../build/vitamin_d/vitamin_d.egg-info
writing ../../build/vitamin_d/vitamin_d.egg-info/PKG-INFO
writing dependency_links to ../../build/vitamin_d/vitamin_d.egg-info/dependency_links.txt
writing entry points to ../../build/vitamin_d/vitamin_d.egg-info/entry_points.txt
writing requirements to ../../build/vitamin_d/vitamin_d.egg-info/requires.txt
writing top-level names to ../../build/vitamin_d/vitamin_d.egg-info/top_level.txt
writing manifest file '../../build/vitamin_d/vitamin_d.egg-info/SOURCES.txt'
reading manifest file '../../build/vitamin_d/vitamin_d.egg-info/SOURCES.txt'
writing manifest file '../../build/vitamin_d/vitamin_d.egg-info/SOURCES.txt'
running build
running build_py
creating /home/vitamind/vitamin_d_ws/build/vitamin_d/build
creating /home/vitamind/vitamin_d_ws/build/vitamin_d/build/lib
creating /home/vitamind/vitamin_d_ws/build/vitamin_d/build/lib/vitamin_d
copying vitamin_d/__init__.py -> /home/vitamind/vitamin_d_ws/build/vitamin_d/build/lib/vitamin_d
running install
running install_lib
creating /home/vitamind/vitamin_d_ws/install/vitamin_d/lib/python3.10/site-packages/vitamin_d
copying /home/vitamind/vitamin_d_ws/build/vitamin_d/build/lib/vitamin_d/__init__.py -> /home/vitamind/vitamin_d_ws/install/vitamin_d/lib/python3.10/site-packages/vitamin_d
byte-compiling /home/vitamind/vitamin_d_ws/install/vitamin_d/lib/python3.10/site-packages/vitamin_d/__init__.py to __init__.cpython-310.pyc
running install_data
creating /home/vitamind/vitamin_d_ws/install/vitamin_d/share/ament_index
creating /home/vitamind/vitamin_d_ws/install/vitamin_d/share/ament_index/resource_index
creating /home/vitamind/vitamin_d_ws/install/vitamin_d/share/ament_index/resource_index/packages
copying resource/vitamin_d -> /home/vitamind/vitamin_d_ws/install/vitamin_d/share/ament_index/resource_index/packages
copying package.xml -> /home/vitamind/vitamin_d_ws/install/vitamin_d/share/vitamin_d
running install_egg_info
Copying ../../build/vitamin_d/vitamin_d.egg-info to /home/vitamind/vitamin_d_ws/install/vitamin_d/lib/python3.10/site-packages/vitamin_d-0.0.0-py3.10.egg-info
running install_scripts
writing list of installed files to '/home/vitamind/vitamin_d_ws/build/vitamin_d/install.log'
