[0.867s] DEBUG:colcon:Command line arguments: ['/usr/bin/colcon', 'build', '--packages-select', 'vitamin_d']
[0.868s] DEBUG:colcon:Parsed command line arguments: Namespace(log_base=None, log_level=None, verb_name='build', build_base='build', install_base='install', merge_install=False, symlink_install=False, test_result_base=None, continue_on_error=False, executor='parallel', parallel_workers=4, event_handlers=None, ignore_user_meta=False, metas=['./colcon.meta'], base_paths=['.'], packages_ignore=None, packages_ignore_regex=None, paths=None, packages_up_to=None, packages_up_to_regex=None, packages_above=None, packages_above_and_dependencies=None, packages_above_depth=None, packages_select_by_dep=None, packages_skip_by_dep=None, packages_skip_up_to=None, packages_select_build_failed=False, packages_skip_build_finished=False, packages_select_test_failures=False, packages_skip_test_passed=False, packages_select=['vitamin_d'], packages_skip=None, packages_select_regex=None, packages_skip_regex=None, packages_start=None, packages_end=None, allow_overriding=[], cmake_args=None, cmake_target=None, cmake_target_skip_unavailable=False, cmake_clean_cache=False, cmake_clean_first=False, cmake_force_configure=False, ament_cmake_args=None, catkin_cmake_args=None, catkin_skip_building_tests=False, mixin_files=None, mixin=None, verb_parser=<colcon_mixin.mixin.mixin_argument.MixinArgumentDecorator object at 0xffff8af69780>, verb_extension=<colcon_core.verb.build.BuildVerb object at 0xffff8b10ea40>, main=<bound method BuildVerb.main of <colcon_core.verb.build.BuildVerb object at 0xffff8b10ea40>>, mixin_verb=('build',))
[1.919s] Level 1:colcon.colcon_core.package_discovery:discover_packages(colcon_meta) check parameters
[1.920s] Level 1:colcon.colcon_core.package_discovery:discover_packages(recursive) check parameters
[1.920s] Level 1:colcon.colcon_core.package_discovery:discover_packages(ignore) check parameters
[1.921s] Level 1:colcon.colcon_core.package_discovery:discover_packages(path) check parameters
[1.921s] Level 1:colcon.colcon_core.package_discovery:discover_packages(colcon_meta) discover
[1.921s] Level 1:colcon.colcon_core.package_discovery:discover_packages(recursive) discover
[1.922s] INFO:colcon.colcon_core.package_discovery:Crawling recursively for packages in '/home/vitamind/vitamin_d/vitamin_d_ws'
[1.922s] Level 1:colcon.colcon_core.package_identification:_identify(.) by extensions ['ignore', 'ignore_ament_install']
[1.923s] Level 1:colcon.colcon_core.package_identification:_identify(.) by extension 'ignore'
[1.923s] Level 1:colcon.colcon_core.package_identification:_identify(.) by extension 'ignore_ament_install'
[1.924s] Level 1:colcon.colcon_core.package_identification:_identify(.) by extensions ['colcon_pkg']
[1.924s] Level 1:colcon.colcon_core.package_identification:_identify(.) by extension 'colcon_pkg'
[1.924s] Level 1:colcon.colcon_core.package_identification:_identify(.) by extensions ['colcon_meta']
[1.925s] Level 1:colcon.colcon_core.package_identification:_identify(.) by extension 'colcon_meta'
[1.925s] Level 1:colcon.colcon_core.package_identification:_identify(.) by extensions ['ros']
[1.925s] Level 1:colcon.colcon_core.package_identification:_identify(.) by extension 'ros'
[1.992s] Level 1:colcon.colcon_core.package_identification:_identify(.) by extensions ['cmake', 'python']
[1.992s] Level 1:colcon.colcon_core.package_identification:_identify(.) by extension 'cmake'
[1.993s] Level 1:colcon.colcon_core.package_identification:_identify(.) by extension 'python'
[1.993s] Level 1:colcon.colcon_core.package_identification:_identify(.) by extensions ['python_setup_py']
[1.994s] Level 1:colcon.colcon_core.package_identification:_identify(.) by extension 'python_setup_py'
[1.994s] Level 1:colcon.colcon_core.package_identification:_identify(build) by extensions ['ignore', 'ignore_ament_install']
[1.995s] Level 1:colcon.colcon_core.package_identification:_identify(build) by extension 'ignore'
[1.995s] Level 1:colcon.colcon_core.package_identification:_identify(build) ignored
[1.997s] Level 1:colcon.colcon_core.package_identification:_identify(install) by extensions ['ignore', 'ignore_ament_install']
[1.997s] Level 1:colcon.colcon_core.package_identification:_identify(install) by extension 'ignore'
[1.998s] Level 1:colcon.colcon_core.package_identification:_identify(install) ignored
[1.999s] Level 1:colcon.colcon_core.package_identification:_identify(log) by extensions ['ignore', 'ignore_ament_install']
[1.999s] Level 1:colcon.colcon_core.package_identification:_identify(log) by extension 'ignore'
[2.000s] Level 1:colcon.colcon_core.package_identification:_identify(log) ignored
[2.000s] Level 1:colcon.colcon_core.package_identification:_identify(src) by extensions ['ignore', 'ignore_ament_install']
[2.001s] Level 1:colcon.colcon_core.package_identification:_identify(src) by extension 'ignore'
[2.001s] Level 1:colcon.colcon_core.package_identification:_identify(src) by extension 'ignore_ament_install'
[2.002s] Level 1:colcon.colcon_core.package_identification:_identify(src) by extensions ['colcon_pkg']
[2.002s] Level 1:colcon.colcon_core.package_identification:_identify(src) by extension 'colcon_pkg'
[2.002s] Level 1:colcon.colcon_core.package_identification:_identify(src) by extensions ['colcon_meta']
[2.003s] Level 1:colcon.colcon_core.package_identification:_identify(src) by extension 'colcon_meta'
[2.003s] Level 1:colcon.colcon_core.package_identification:_identify(src) by extensions ['ros']
[2.003s] Level 1:colcon.colcon_core.package_identification:_identify(src) by extension 'ros'
[2.004s] Level 1:colcon.colcon_core.package_identification:_identify(src) by extensions ['cmake', 'python']
[2.004s] Level 1:colcon.colcon_core.package_identification:_identify(src) by extension 'cmake'
[2.004s] Level 1:colcon.colcon_core.package_identification:_identify(src) by extension 'python'
[2.005s] Level 1:colcon.colcon_core.package_identification:_identify(src) by extensions ['python_setup_py']
[2.005s] Level 1:colcon.colcon_core.package_identification:_identify(src) by extension 'python_setup_py'
[2.006s] Level 1:colcon.colcon_core.package_identification:_identify(src/vitamin_d) by extensions ['ignore', 'ignore_ament_install']
[2.006s] Level 1:colcon.colcon_core.package_identification:_identify(src/vitamin_d) by extension 'ignore'
[2.007s] Level 1:colcon.colcon_core.package_identification:_identify(src/vitamin_d) by extension 'ignore_ament_install'
[2.007s] Level 1:colcon.colcon_core.package_identification:_identify(src/vitamin_d) by extensions ['colcon_pkg']
[2.007s] Level 1:colcon.colcon_core.package_identification:_identify(src/vitamin_d) by extension 'colcon_pkg'
[2.008s] Level 1:colcon.colcon_core.package_identification:_identify(src/vitamin_d) by extensions ['colcon_meta']
[2.008s] Level 1:colcon.colcon_core.package_identification:_identify(src/vitamin_d) by extension 'colcon_meta'
[2.008s] Level 1:colcon.colcon_core.package_identification:_identify(src/vitamin_d) by extensions ['ros']
[2.008s] Level 1:colcon.colcon_core.package_identification:_identify(src/vitamin_d) by extension 'ros'
[2.020s] DEBUG:colcon.colcon_core.package_identification:Package 'src/vitamin_d' with type 'ros.ament_python' and name 'vitamin_d'
[2.021s] Level 1:colcon.colcon_core.package_discovery:discover_packages(recursive) using defaults
[2.021s] Level 1:colcon.colcon_core.package_discovery:discover_packages(ignore) discover
[2.022s] Level 1:colcon.colcon_core.package_discovery:discover_packages(ignore) using defaults
[2.022s] Level 1:colcon.colcon_core.package_discovery:discover_packages(path) discover
[2.022s] Level 1:colcon.colcon_core.package_discovery:discover_packages(path) using defaults
[2.183s] Level 1:colcon.colcon_core.package_discovery:discover_packages(prefix_path) check parameters
[2.184s] Level 1:colcon.colcon_core.package_discovery:discover_packages(prefix_path) discover
[2.208s] DEBUG:colcon.colcon_installed_package_information.package_discovery:Found 273 installed packages in /opt/ros/humble
[2.216s] Level 1:colcon.colcon_core.package_discovery:discover_packages(prefix_path) using defaults
[2.402s] Level 5:colcon.colcon_core.verb:set package 'vitamin_d' build argument 'cmake_args' from command line to 'None'
[2.402s] Level 5:colcon.colcon_core.verb:set package 'vitamin_d' build argument 'cmake_target' from command line to 'None'
[2.402s] Level 5:colcon.colcon_core.verb:set package 'vitamin_d' build argument 'cmake_target_skip_unavailable' from command line to 'False'
[2.403s] Level 5:colcon.colcon_core.verb:set package 'vitamin_d' build argument 'cmake_clean_cache' from command line to 'False'
[2.403s] Level 5:colcon.colcon_core.verb:set package 'vitamin_d' build argument 'cmake_clean_first' from command line to 'False'
[2.403s] Level 5:colcon.colcon_core.verb:set package 'vitamin_d' build argument 'cmake_force_configure' from command line to 'False'
[2.404s] Level 5:colcon.colcon_core.verb:set package 'vitamin_d' build argument 'ament_cmake_args' from command line to 'None'
[2.404s] Level 5:colcon.colcon_core.verb:set package 'vitamin_d' build argument 'catkin_cmake_args' from command line to 'None'
[2.404s] Level 5:colcon.colcon_core.verb:set package 'vitamin_d' build argument 'catkin_skip_building_tests' from command line to 'False'
[2.404s] DEBUG:colcon.colcon_core.verb:Building package 'vitamin_d' with the following arguments: {'ament_cmake_args': None, 'build_base': '/home/vitamind/vitamin_d/vitamin_d_ws/build/vitamin_d', 'catkin_cmake_args': None, 'catkin_skip_building_tests': False, 'cmake_args': None, 'cmake_clean_cache': False, 'cmake_clean_first': False, 'cmake_force_configure': False, 'cmake_target': None, 'cmake_target_skip_unavailable': False, 'install_base': '/home/vitamind/vitamin_d/vitamin_d_ws/install/vitamin_d', 'merge_install': False, 'path': '/home/vitamind/vitamin_d/vitamin_d_ws/src/vitamin_d', 'symlink_install': False, 'test_result_base': None}
[2.405s] INFO:colcon.colcon_core.executor:Executing jobs using 'parallel' executor
[2.410s] DEBUG:colcon.colcon_parallel_executor.executor.parallel:run_until_complete
[2.411s] INFO:colcon.colcon_ros.task.ament_python.build:Building ROS package in '/home/vitamind/vitamin_d/vitamin_d_ws/src/vitamin_d' with build type 'ament_python'
[2.412s] Level 1:colcon.colcon_core.shell:create_environment_hook('vitamin_d', 'ament_prefix_path')
[2.436s] INFO:colcon.colcon_core.plugin_system:Skipping extension 'colcon_core.shell.bat': Not used on non-Windows systems
[2.437s] INFO:colcon.colcon_core.shell:Creating environment hook '/home/vitamind/vitamin_d/vitamin_d_ws/install/vitamin_d/share/vitamin_d/hook/ament_prefix_path.ps1'
[2.442s] INFO:colcon.colcon_core.shell:Creating environment descriptor '/home/vitamind/vitamin_d/vitamin_d_ws/install/vitamin_d/share/vitamin_d/hook/ament_prefix_path.dsv'
[2.446s] INFO:colcon.colcon_core.shell:Creating environment hook '/home/vitamind/vitamin_d/vitamin_d_ws/install/vitamin_d/share/vitamin_d/hook/ament_prefix_path.sh'
[2.452s] INFO:colcon.colcon_core.shell:Skip shell extension 'powershell' for command environment: Not usable outside of PowerShell
[2.453s] DEBUG:colcon.colcon_core.shell:Skip shell extension 'dsv' for command environment
[3.863s] INFO:colcon.colcon_core.task.python.build:Building Python package in '/home/vitamind/vitamin_d/vitamin_d_ws/src/vitamin_d'
[3.864s] INFO:colcon.colcon_core.shell:Skip shell extension 'powershell' for command environment: Not usable outside of PowerShell
[3.864s] DEBUG:colcon.colcon_core.shell:Skip shell extension 'dsv' for command environment
[6.132s] DEBUG:colcon.colcon_core.task.python.build:Available setuptools commands: register, build_py, upload_docs, build, saveopts, symlink_data, setopt, easy_install, build_scripts, bdist_egg, install_data, install, build_ext, develop, update_catalog, bdist_dumb, build_clib, dist_info, init_catalog, alias, install_lib, clean, check, install_egg_info, install_headers, egg_info, extract_messages, rotate, sdist, bdist_rpm, compile_catalog, test, upload, bdist, install_scripts
[6.148s] DEBUG:colcon.colcon_core.event_handler.log_command:Invoking command in '/home/vitamind/vitamin_d/vitamin_d_ws/src/vitamin_d': PYTHONPATH=/home/vitamind/vitamin_d/vitamin_d_ws/build/vitamin_d/prefix_override:/usr/lib/python3/dist-packages/colcon_core/task/python/colcon_distutils_commands:/home/vitamind/vitamin_d/vitamin_d_ws/install/vitamin_d/lib/python3.10/site-packages:${PYTHONPATH} /usr/bin/python3 -W ignore:setup.py install is deprecated -W ignore:easy_install command is deprecated setup.py egg_info --egg-base ../../build/vitamin_d build --build-base /home/vitamind/vitamin_d/vitamin_d_ws/build/vitamin_d/build install --record /home/vitamind/vitamin_d/vitamin_d_ws/build/vitamin_d/install.log --install-scripts $base/lib/vitamin_d --single-version-externally-managed install_data
[7.621s] DEBUG:colcon.colcon_core.event_handler.log_command:Invoked command in '/home/vitamind/vitamin_d/vitamin_d_ws/src/vitamin_d' returned '0': PYTHONPATH=/home/vitamind/vitamin_d/vitamin_d_ws/build/vitamin_d/prefix_override:/usr/lib/python3/dist-packages/colcon_core/task/python/colcon_distutils_commands:/home/vitamind/vitamin_d/vitamin_d_ws/install/vitamin_d/lib/python3.10/site-packages:${PYTHONPATH} /usr/bin/python3 -W ignore:setup.py install is deprecated -W ignore:easy_install command is deprecated setup.py egg_info --egg-base ../../build/vitamin_d build --build-base /home/vitamind/vitamin_d/vitamin_d_ws/build/vitamin_d/build install --record /home/vitamind/vitamin_d/vitamin_d_ws/build/vitamin_d/install.log --install-scripts $base/lib/vitamin_d --single-version-externally-managed install_data
[7.646s] Level 1:colcon.colcon_core.environment:checking '/home/vitamind/vitamin_d/vitamin_d_ws/install/vitamin_d' for CMake module files
[7.649s] Level 1:colcon.colcon_core.environment:checking '/home/vitamind/vitamin_d/vitamin_d_ws/install/vitamin_d' for CMake config files
[7.654s] Level 1:colcon.colcon_core.environment:checking '/home/vitamind/vitamin_d/vitamin_d_ws/install/vitamin_d/lib'
[7.655s] Level 1:colcon.colcon_core.environment:checking '/home/vitamind/vitamin_d/vitamin_d_ws/install/vitamin_d/bin'
[7.656s] Level 1:colcon.colcon_core.environment:checking '/home/vitamind/vitamin_d/vitamin_d_ws/install/vitamin_d/lib/pkgconfig/vitamin_d.pc'
[7.657s] Level 1:colcon.colcon_core.environment:checking '/home/vitamind/vitamin_d/vitamin_d_ws/install/vitamin_d/lib/python3.10/site-packages'
[7.658s] Level 1:colcon.colcon_core.shell:create_environment_hook('vitamin_d', 'pythonpath')
[7.659s] INFO:colcon.colcon_core.shell:Creating environment hook '/home/vitamind/vitamin_d/vitamin_d_ws/install/vitamin_d/share/vitamin_d/hook/pythonpath.ps1'
[7.662s] INFO:colcon.colcon_core.shell:Creating environment descriptor '/home/vitamind/vitamin_d/vitamin_d_ws/install/vitamin_d/share/vitamin_d/hook/pythonpath.dsv'
[7.664s] INFO:colcon.colcon_core.shell:Creating environment hook '/home/vitamind/vitamin_d/vitamin_d_ws/install/vitamin_d/share/vitamin_d/hook/pythonpath.sh'
[7.669s] Level 1:colcon.colcon_core.environment:checking '/home/vitamind/vitamin_d/vitamin_d_ws/install/vitamin_d/bin'
[7.671s] Level 1:colcon.colcon_core.environment:create_environment_scripts_only(vitamin_d)
[7.673s] INFO:colcon.colcon_core.shell:Creating package script '/home/vitamind/vitamin_d/vitamin_d_ws/install/vitamin_d/share/vitamin_d/package.ps1'
[7.679s] INFO:colcon.colcon_core.shell:Creating package descriptor '/home/vitamind/vitamin_d/vitamin_d_ws/install/vitamin_d/share/vitamin_d/package.dsv'
[7.683s] INFO:colcon.colcon_core.shell:Creating package script '/home/vitamind/vitamin_d/vitamin_d_ws/install/vitamin_d/share/vitamin_d/package.sh'
[7.688s] INFO:colcon.colcon_core.shell:Creating package script '/home/vitamind/vitamin_d/vitamin_d_ws/install/vitamin_d/share/vitamin_d/package.bash'
[7.695s] INFO:colcon.colcon_core.shell:Creating package script '/home/vitamind/vitamin_d/vitamin_d_ws/install/vitamin_d/share/vitamin_d/package.zsh'
[7.701s] Level 1:colcon.colcon_core.environment:create_file_with_runtime_dependencies(/home/vitamind/vitamin_d/vitamin_d_ws/install/vitamin_d/share/colcon-core/packages/vitamin_d)
[7.704s] DEBUG:colcon.colcon_parallel_executor.executor.parallel:closing loop
[7.706s] DEBUG:colcon.colcon_parallel_executor.executor.parallel:loop closed
[7.707s] DEBUG:colcon.colcon_parallel_executor.executor.parallel:run_until_complete finished with '0'
[7.707s] DEBUG:colcon.colcon_core.event_reactor:joining thread
[7.709s] DEBUG:colcon.colcon_core.event_reactor:joined thread
[7.711s] INFO:colcon.colcon_core.shell:Creating prefix script '/home/vitamind/vitamin_d/vitamin_d_ws/install/local_setup.ps1'
[7.719s] INFO:colcon.colcon_core.shell:Creating prefix util module '/home/vitamind/vitamin_d/vitamin_d_ws/install/_local_setup_util_ps1.py'
[7.727s] INFO:colcon.colcon_core.shell:Creating prefix chain script '/home/vitamind/vitamin_d/vitamin_d_ws/install/setup.ps1'
[7.733s] INFO:colcon.colcon_core.shell:Creating prefix script '/home/vitamind/vitamin_d/vitamin_d_ws/install/local_setup.sh'
[7.737s] INFO:colcon.colcon_core.shell:Creating prefix util module '/home/vitamind/vitamin_d/vitamin_d_ws/install/_local_setup_util_sh.py'
[7.741s] INFO:colcon.colcon_core.shell:Creating prefix chain script '/home/vitamind/vitamin_d/vitamin_d_ws/install/setup.sh'
[7.746s] INFO:colcon.colcon_core.shell:Creating prefix script '/home/vitamind/vitamin_d/vitamin_d_ws/install/local_setup.bash'
[7.750s] INFO:colcon.colcon_core.shell:Creating prefix chain script '/home/vitamind/vitamin_d/vitamin_d_ws/install/setup.bash'
[7.756s] INFO:colcon.colcon_core.shell:Creating prefix script '/home/vitamind/vitamin_d/vitamin_d_ws/install/local_setup.zsh'
[7.760s] INFO:colcon.colcon_core.shell:Creating prefix chain script '/home/vitamind/vitamin_d/vitamin_d_ws/install/setup.zsh'
