[0.000000] (-) TimerEvent: {}
[0.000568] (vitamin_d) JobQueued: {'identifier': 'vitamin_d', 'dependencies': OrderedDict()}
[0.001407] (vitamin_d) JobStarted: {'identifier': 'vitamin_d'}
[0.098927] (-) TimerEvent: {}
[0.199328] (-) TimerEvent: {}
[0.299700] (-) TimerEvent: {}
[0.400069] (-) TimerEvent: {}
[0.500407] (-) TimerEvent: {}
[0.600758] (-) TimerEvent: {}
[0.701082] (-) TimerEvent: {}
[0.801432] (-) TimerEvent: {}
[0.901791] (-) TimerEvent: {}
[1.002141] (-) TimerEvent: {}
[1.102494] (-) TimerEvent: {}
[1.203442] (-) TimerEvent: {}
[1.304473] (-) TimerEvent: {}
[1.404841] (-) TimerEvent: {}
[1.505222] (-) TimerEvent: {}
[1.605619] (-) TimerEvent: {}
[1.706075] (-) TimerEvent: {}
[1.806492] (-) TimerEvent: {}
[1.906837] (-) TimerEvent: {}
[2.007207] (-) TimerEvent: {}
[2.107556] (-) TimerEvent: {}
[2.207905] (-) TimerEvent: {}
[2.308258] (-) TimerEvent: {}
[2.408607] (-) TimerEvent: {}
[2.508961] (-) TimerEvent: {}
[2.609340] (-) TimerEvent: {}
[2.709893] (-) TimerEvent: {}
[2.810433] (-) TimerEvent: {}
[2.825193] (vitamin_d) Command: {'cmd': ['/usr/bin/python3', '-W', 'ignore:setup.py install is deprecated', '-W', 'ignore:easy_install command is deprecated', 'setup.py', 'egg_info', '--egg-base', '../../build/vitamin_d', 'build', '--build-base', '/home/vitamind/vitamin_d_ws/build/vitamin_d/build', 'install', '--record', '/home/vitamind/vitamin_d_ws/build/vitamin_d/install.log', '--install-scripts', '$base/lib/vitamin_d', '--single-version-externally-managed', 'install_data'], 'cwd': '/home/vitamind/vitamin_d_ws/src/vitamin_d', 'env': {'LESSOPEN': '| /usr/bin/lesspipe %s', 'VSCODE_CWD': '/home/vitamind', 'VSCODE_ESM_ENTRYPOINT': 'vs/workbench/api/node/extensionHostProcess', 'USER': 'vitamind', 'SSH_CLIENT': '192.168.137.1 64667 22', 'VSCODE_NLS_CONFIG': '{"userLocale":"en","osLocale":"en","resolvedLanguage":"en","defaultMessagesFile":"/home/vitamind/.cursor-server/bin/linux-arm64/46fb7aafe279d7c72346febe68c2e004b7d1de60/out/nls.messages.json","locale":"en","availableLanguages":{}}', 'VSCODE_HANDLES_UNCAUGHT_ERRORS': 'true', 'XDG_SESSION_TYPE': 'tty', 'CURSOR_RIPGREP_PATH': '/home/vitamind/.cursor-server/bin/linux-arm64/46fb7aafe279d7c72346febe68c2e004b7d1de60/node_modules/@vscode/ripgrep/bin/rg', 'SHLVL': '1', 'LD_LIBRARY_PATH': '/opt/ros/humble/opt/rviz_ogre_vendor/lib:/opt/ros/humble/lib/aarch64-linux-gnu:/opt/ros/humble/lib', 'BROWSER': '/home/vitamind/.cursor-server/bin/linux-arm64/46fb7aafe279d7c72346febe68c2e004b7d1de60/bin/helpers/browser.sh', 'MOTD_SHOWN': 'pam', 'HOME': '/home/vitamind', 'OLDPWD': '/home/vitamind/vitamin_d_ws/src', 'VSCODE_IPC_HOOK_CLI': '/run/user/1000/vscode-ipc-4559cfc4-6e72-4657-aab1-5cc38a2fe512.sock', 'ROS_PYTHON_VERSION': '3', 'NO_COLOR': '1', 'DBUS_SESSION_BUS_ADDRESS': 'unix:path=/run/user/1000/bus', 'VSCODE_L10N_BUNDLE_LOCATION': '', 'ROS_DISTRO': 'humble', 'OVSX_REGISTRY_URL': 'https://open-vsx.org', 'LOGNAME': 'vitamind', 'FORCE_COLOR': '0', 'VSCODE_HANDLES_SIGPIPE': 'true', '_': '/usr/bin/colcon', 'ROS_VERSION': '2', 'CURSOR_LAYOUT': 'unifiedAgent', 'XDG_SESSION_CLASS': 'user', 'TERM': 'dumb', 'XDG_SESSION_ID': '6', 'ROS_LOCALHOST_ONLY': '0', 'PATH': '/opt/ros/humble/bin:/home/vitamind/.cursor-server/bin/linux-arm64/46fb7aafe279d7c72346febe68c2e004b7d1de60/node_modules/@vscode/ripgrep/bin:/home/vitamind/.cursor-server/bin/linux-arm64/46fb7aafe279d7c72346febe68c2e004b7d1de60/bin/remote-cli:/home/vitamind/.cursor-server/bin/linux-arm64/46fb7aafe279d7c72346febe68c2e004b7d1de60/bin/remote-cli:/usr/local/sbin:/usr/local/bin:/usr/sbin:/usr/bin:/sbin:/bin:/usr/games:/usr/local/games:/snap/bin', 'VSCODE_AGENT_FOLDER': '/home/vitamind/.cursor-server', 'XDG_RUNTIME_DIR': '/run/user/1000', 'AGENT_TRANSCRIPTS': '/home/vitamind/.cursor/projects/home-vitamind/agent-transcripts', 'CURSOR_AGENT': '1', 'LANG': 'en_US.UTF-8', 'LS_COLORS': '', 'AMENT_PREFIX_PATH': '/opt/ros/humble', 'SHELL': '/bin/bash', 'VSCODE_SERVER_SHUTDOWN_TIMEOUT': '300', 'LESSCLOSE': '/usr/bin/lesspipe %s %s', 'PWD': '/home/vitamind/vitamin_d_ws/build/vitamin_d', 'SSH_CONNECTION': '192.168.137.1 64667 192.168.137.254 22', 'XDG_DATA_DIRS': '/usr/share/gnome:/usr/local/share:/usr/share:/var/lib/snapd/desktop', 'CURSOR_CONVERSATION_ID': '398479ff-89f5-486c-90e0-521a921fd31e', 'PYTHONPATH': '/home/vitamind/vitamin_d_ws/build/vitamin_d/prefix_override:/usr/lib/python3/dist-packages/colcon_core/task/python/colcon_distutils_commands:/home/vitamind/vitamin_d_ws/install/vitamin_d/lib/python3.10/site-packages:/opt/ros/humble/lib/python3.10/site-packages:/opt/ros/humble/local/lib/python3.10/dist-packages', 'COLCON': '1', '_ZO_DOCTOR': '0'}, 'shell': False}
[2.910611] (-) TimerEvent: {}
[3.011009] (-) TimerEvent: {}
[3.111418] (-) TimerEvent: {}
[3.211797] (-) TimerEvent: {}
[3.312172] (-) TimerEvent: {}
[3.412512] (-) TimerEvent: {}
[3.512846] (-) TimerEvent: {}
[3.613242] (-) TimerEvent: {}
[3.713642] (-) TimerEvent: {}
[3.813980] (-) TimerEvent: {}
[3.887881] (vitamin_d) StdoutLine: {'line': b'running egg_info\n'}
[3.890240] (vitamin_d) StdoutLine: {'line': b'creating ../../build/vitamin_d/vitamin_d.egg-info\n'}
[3.891141] (vitamin_d) StdoutLine: {'line': b'writing ../../build/vitamin_d/vitamin_d.egg-info/PKG-INFO\n'}
[3.892323] (vitamin_d) StdoutLine: {'line': b'writing dependency_links to ../../build/vitamin_d/vitamin_d.egg-info/dependency_links.txt\n'}
[3.893140] (vitamin_d) StdoutLine: {'line': b'writing entry points to ../../build/vitamin_d/vitamin_d.egg-info/entry_points.txt\n'}
[3.894206] (vitamin_d) StdoutLine: {'line': b'writing requirements to ../../build/vitamin_d/vitamin_d.egg-info/requires.txt\n'}
[3.894556] (vitamin_d) StdoutLine: {'line': b'writing top-level names to ../../build/vitamin_d/vitamin_d.egg-info/top_level.txt\n'}
[3.895377] (vitamin_d) StdoutLine: {'line': b"writing manifest file '../../build/vitamin_d/vitamin_d.egg-info/SOURCES.txt'\n"}
[3.901724] (vitamin_d) StdoutLine: {'line': b"reading manifest file '../../build/vitamin_d/vitamin_d.egg-info/SOURCES.txt'\n"}
[3.904799] (vitamin_d) StdoutLine: {'line': b"writing manifest file '../../build/vitamin_d/vitamin_d.egg-info/SOURCES.txt'\n"}
[3.905654] (vitamin_d) StdoutLine: {'line': b'running build\n'}
[3.907186] (vitamin_d) StdoutLine: {'line': b'running build_py\n'}
[3.907644] (vitamin_d) StdoutLine: {'line': b'creating /home/vitamind/vitamin_d_ws/build/vitamin_d/build\n'}
[3.907962] (vitamin_d) StdoutLine: {'line': b'creating /home/vitamind/vitamin_d_ws/build/vitamin_d/build/lib\n'}
[3.908679] (vitamin_d) StdoutLine: {'line': b'creating /home/vitamind/vitamin_d_ws/build/vitamin_d/build/lib/vitamin_d\n'}
[3.908982] (vitamin_d) StdoutLine: {'line': b'copying vitamin_d/__init__.py -> /home/vitamind/vitamin_d_ws/build/vitamin_d/build/lib/vitamin_d\n'}
[3.909651] (vitamin_d) StdoutLine: {'line': b'running install\n'}
[3.910061] (vitamin_d) StdoutLine: {'line': b'running install_lib\n'}
[3.913120] (vitamin_d) StdoutLine: {'line': b'creating /home/vitamind/vitamin_d_ws/install/vitamin_d/lib/python3.10/site-packages/vitamin_d\n'}
[3.913885] (vitamin_d) StdoutLine: {'line': b'copying /home/vitamind/vitamin_d_ws/build/vitamin_d/build/lib/vitamin_d/__init__.py -> /home/vitamind/vitamin_d_ws/install/vitamin_d/lib/python3.10/site-packages/vitamin_d\n'}
[3.914202] (-) TimerEvent: {}
[3.916023] (vitamin_d) StdoutLine: {'line': b'byte-compiling /home/vitamind/vitamin_d_ws/install/vitamin_d/lib/python3.10/site-packages/vitamin_d/__init__.py to __init__.cpython-310.pyc\n'}
[3.917207] (vitamin_d) StdoutLine: {'line': b'running install_data\n'}
[3.918378] (vitamin_d) StdoutLine: {'line': b'creating /home/vitamind/vitamin_d_ws/install/vitamin_d/share/ament_index\n'}
[3.918738] (vitamin_d) StdoutLine: {'line': b'creating /home/vitamind/vitamin_d_ws/install/vitamin_d/share/ament_index/resource_index\n'}
[3.919755] (vitamin_d) StdoutLine: {'line': b'creating /home/vitamind/vitamin_d_ws/install/vitamin_d/share/ament_index/resource_index/packages\n'}
[3.920088] (vitamin_d) StdoutLine: {'line': b'copying resource/vitamin_d -> /home/vitamind/vitamin_d_ws/install/vitamin_d/share/ament_index/resource_index/packages\n'}
[3.920378] (vitamin_d) StdoutLine: {'line': b'copying package.xml -> /home/vitamind/vitamin_d_ws/install/vitamin_d/share/vitamin_d\n'}
[3.920735] (vitamin_d) StdoutLine: {'line': b'running install_egg_info\n'}
[3.931000] (vitamin_d) StdoutLine: {'line': b'Copying ../../build/vitamin_d/vitamin_d.egg-info to /home/vitamind/vitamin_d_ws/install/vitamin_d/lib/python3.10/site-packages/vitamin_d-0.0.0-py3.10.egg-info\n'}
[3.936770] (vitamin_d) StdoutLine: {'line': b'running install_scripts\n'}
[4.012890] (vitamin_d) StdoutLine: {'line': b"writing list of installed files to '/home/vitamind/vitamin_d_ws/build/vitamin_d/install.log'\n"}
[4.014547] (-) TimerEvent: {}
[4.115232] (-) TimerEvent: {}
[4.133314] (vitamin_d) CommandEnded: {'returncode': 0}
[4.178334] (vitamin_d) JobEnded: {'identifier': 'vitamin_d', 'rc': 0}
[4.180785] (-) EventReactorShutdown: {}
