[3.085s] Invoking command in '/home/vitamind/vitamin_d/vitamin_d_ws/src/vitamin_d': PYTHONPATH=/home/vitamind/vitamin_d/vitamin_d_ws/build/vitamin_d/prefix_override:/usr/lib/python3/dist-packages/colcon_core/task/python/colcon_distutils_commands:/home/vitamind/vitamin_d/vitamin_d_ws/install/vitamin_d/lib/python3.10/site-packages:${PYTHONPATH} /usr/bin/python3 -W ignore:setup.py install is deprecated -W ignore:easy_install command is deprecated setup.py egg_info --egg-base ../../build/vitamin_d build --build-base /home/vitamind/vitamin_d/vitamin_d_ws/build/vitamin_d/build install --record /home/vitamind/vitamin_d/vitamin_d_ws/build/vitamin_d/install.log --install-scripts $base/lib/vitamin_d --single-version-externally-managed install_data
[4.234s] running egg_info
[4.236s] writing ../../build/vitamin_d/vitamin_d.egg-info/PKG-INFO
[4.237s] writing dependency_links to ../../build/vitamin_d/vitamin_d.egg-info/dependency_links.txt
[4.238s] writing entry points to ../../build/vitamin_d/vitamin_d.egg-info/entry_points.txt
[4.239s] writing requirements to ../../build/vitamin_d/vitamin_d.egg-info/requires.txt
[4.240s] writing top-level names to ../../build/vitamin_d/vitamin_d.egg-info/top_level.txt
[4.249s] reading manifest file '../../build/vitamin_d/vitamin_d.egg-info/SOURCES.txt'
[4.253s] writing manifest file '../../build/vitamin_d/vitamin_d.egg-info/SOURCES.txt'
[4.253s] running build
[4.254s] running build_py
[4.254s] copying vitamin_d/servo_node.py -> /home/vitamind/vitamin_d/vitamin_d_ws/build/vitamin_d/build/lib/vitamin_d
[4.255s] copying vitamin_d/sub_gaze_error_node.py -> /home/vitamind/vitamin_d/vitamin_d_ws/build/vitamin_d/build/lib/vitamin_d
[4.257s] running install
[4.258s] running install_lib
[4.262s] copying /home/vitamind/vitamin_d/vitamin_d_ws/build/vitamin_d/build/lib/vitamin_d/servo_node.py -> /home/vitamind/vitamin_d/vitamin_d_ws/install/vitamin_d/lib/python3.10/site-packages/vitamin_d
[4.263s] copying /home/vitamind/vitamin_d/vitamin_d_ws/build/vitamin_d/build/lib/vitamin_d/sub_gaze_error_node.py -> /home/vitamind/vitamin_d/vitamin_d_ws/install/vitamin_d/lib/python3.10/site-packages/vitamin_d
[4.265s] byte-compiling /home/vitamind/vitamin_d/vitamin_d_ws/install/vitamin_d/lib/python3.10/site-packages/vitamin_d/servo_node.py to servo_node.cpython-310.pyc
[4.269s] byte-compiling /home/vitamind/vitamin_d/vitamin_d_ws/install/vitamin_d/lib/python3.10/site-packages/vitamin_d/sub_gaze_error_node.py to sub_gaze_error_node.cpython-310.pyc
[4.272s] running install_data
[4.272s] copying package.xml -> /home/vitamind/vitamin_d/vitamin_d_ws/install/vitamin_d/share/vitamin_d
[4.273s] running install_egg_info
[4.284s] removing '/home/vitamind/vitamin_d/vitamin_d_ws/install/vitamin_d/lib/python3.10/site-packages/vitamin_d-0.0.0-py3.10.egg-info' (and everything under it)
[4.286s] Copying ../../build/vitamin_d/vitamin_d.egg-info to /home/vitamind/vitamin_d/vitamin_d_ws/install/vitamin_d/lib/python3.10/site-packages/vitamin_d-0.0.0-py3.10.egg-info
[4.292s] running install_scripts
[4.369s] Installing servo_node script to /home/vitamind/vitamin_d/vitamin_d_ws/install/vitamin_d/lib/vitamin_d
[4.369s] Installing sub_gaze_error_node script to /home/vitamind/vitamin_d/vitamin_d_ws/install/vitamin_d/lib/vitamin_d
[4.371s] writing list of installed files to '/home/vitamind/vitamin_d/vitamin_d_ws/build/vitamin_d/install.log'
[4.491s] Invoked command in '/home/vitamind/vitamin_d/vitamin_d_ws/src/vitamin_d' returned '0': PYTHONPATH=/home/vitamind/vitamin_d/vitamin_d_ws/build/vitamin_d/prefix_override:/usr/lib/python3/dist-packages/colcon_core/task/python/colcon_distutils_commands:/home/vitamind/vitamin_d/vitamin_d_ws/install/vitamin_d/lib/python3.10/site-packages:${PYTHONPATH} /usr/bin/python3 -W ignore:setup.py install is deprecated -W ignore:easy_install command is deprecated setup.py egg_info --egg-base ../../build/vitamin_d build --build-base /home/vitamind/vitamin_d/vitamin_d_ws/build/vitamin_d/build install --record /home/vitamind/vitamin_d/vitamin_d_ws/build/vitamin_d/install.log --install-scripts $base/lib/vitamin_d --single-version-externally-managed install_data
