[3.198s] Invoking command in '/home/vitamind/vitamin_d/vitamin_d_ws/src/vitamin_d': PYTHONPATH=/home/vitamind/vitamin_d/vitamin_d_ws/build/vitamin_d/prefix_override:/usr/lib/python3/dist-packages/colcon_core/task/python/colcon_distutils_commands:/home/vitamind/vitamin_d/vitamin_d_ws/install/vitamin_d/lib/python3.10/site-packages:${PYTHONPATH} /usr/bin/python3 -W ignore:setup.py install is deprecated -W ignore:easy_install command is deprecated setup.py egg_info --egg-base ../../build/vitamin_d build --build-base /home/vitamind/vitamin_d/vitamin_d_ws/build/vitamin_d/build install --record /home/vitamind/vitamin_d/vitamin_d_ws/build/vitamin_d/install.log --install-scripts $base/lib/vitamin_d --single-version-externally-managed install_data
[4.441s] running egg_info
[4.444s] writing ../../build/vitamin_d/vitamin_d.egg-info/PKG-INFO
[4.446s] writing dependency_links to ../../build/vitamin_d/vitamin_d.egg-info/dependency_links.txt
[4.448s] writing entry points to ../../build/vitamin_d/vitamin_d.egg-info/entry_points.txt
[4.453s] writing requirements to ../../build/vitamin_d/vitamin_d.egg-info/requires.txt
[4.455s] writing top-level names to ../../build/vitamin_d/vitamin_d.egg-info/top_level.txt
[4.465s] reading manifest file '../../build/vitamin_d/vitamin_d.egg-info/SOURCES.txt'
[4.471s] writing manifest file '../../build/vitamin_d/vitamin_d.egg-info/SOURCES.txt'
[4.473s] running build
[4.473s] running build_py
[4.480s] copying vitamin_d/servo_node.py -> /home/vitamind/vitamin_d/vitamin_d_ws/build/vitamin_d/build/lib/vitamin_d
[4.484s] copying vitamin_d/sub_gaze_error_node.py -> /home/vitamind/vitamin_d/vitamin_d_ws/build/vitamin_d/build/lib/vitamin_d
[4.489s] running install
[4.492s] running install_lib
[4.497s] copying /home/vitamind/vitamin_d/vitamin_d_ws/build/vitamin_d/build/lib/vitamin_d/servo_node.py -> /home/vitamind/vitamin_d/vitamin_d_ws/install/vitamin_d/lib/python3.10/site-packages/vitamin_d
[4.502s] copying /home/vitamind/vitamin_d/vitamin_d_ws/build/vitamin_d/build/lib/vitamin_d/sub_gaze_error_node.py -> /home/vitamind/vitamin_d/vitamin_d_ws/install/vitamin_d/lib/python3.10/site-packages/vitamin_d
[4.505s] byte-compiling /home/vitamind/vitamin_d/vitamin_d_ws/install/vitamin_d/lib/python3.10/site-packages/vitamin_d/servo_node.py to servo_node.cpython-310.pyc
[4.509s] byte-compiling /home/vitamind/vitamin_d/vitamin_d_ws/install/vitamin_d/lib/python3.10/site-packages/vitamin_d/sub_gaze_error_node.py to sub_gaze_error_node.cpython-310.pyc
[4.518s] running install_data
[4.539s] running install_egg_info
[4.540s] removing '/home/vitamind/vitamin_d/vitamin_d_ws/install/vitamin_d/lib/python3.10/site-packages/vitamin_d-0.0.0-py3.10.egg-info' (and everything under it)
[4.541s] Copying ../../build/vitamin_d/vitamin_d.egg-info to /home/vitamind/vitamin_d/vitamin_d_ws/install/vitamin_d/lib/python3.10/site-packages/vitamin_d-0.0.0-py3.10.egg-info
[4.541s] running install_scripts
[4.623s] Installing servo_node script to /home/vitamind/vitamin_d/vitamin_d_ws/install/vitamin_d/lib/vitamin_d
[4.624s] Installing sub_gaze_error_node script to /home/vitamind/vitamin_d/vitamin_d_ws/install/vitamin_d/lib/vitamin_d
[4.630s] writing list of installed files to '/home/vitamind/vitamin_d/vitamin_d_ws/build/vitamin_d/install.log'
[4.770s] Invoked command in '/home/vitamind/vitamin_d/vitamin_d_ws/src/vitamin_d' returned '0': PYTHONPATH=/home/vitamind/vitamin_d/vitamin_d_ws/build/vitamin_d/prefix_override:/usr/lib/python3/dist-packages/colcon_core/task/python/colcon_distutils_commands:/home/vitamind/vitamin_d/vitamin_d_ws/install/vitamin_d/lib/python3.10/site-packages:${PYTHONPATH} /usr/bin/python3 -W ignore:setup.py install is deprecated -W ignore:easy_install command is deprecated setup.py egg_info --egg-base ../../build/vitamin_d build --build-base /home/vitamind/vitamin_d/vitamin_d_ws/build/vitamin_d/build install --record /home/vitamind/vitamin_d/vitamin_d_ws/build/vitamin_d/install.log --install-scripts $base/lib/vitamin_d --single-version-externally-managed install_data
